2020-03-12 01:17:56.1773 ERROR    - ClubRepo - Duplicate:UNON 
2020-03-12 01:17:56.1773 ERROR    - ClubRepo - Duplicate:UNON 
2020-03-12 01:17:56.2762 ERROR    - ClubRepo - Duplicate:UTTC 
2020-03-12 01:17:56.2762 ERROR    - ClubRepo - Duplicate:UTTC 
2020-03-12 01:17:56.3602 ERROR    - ClubRepo - Duplicate:NOCO 
2020-03-12 01:17:56.3602 ERROR    - ClubRepo - Duplicate:NOCO 
2020-03-12 01:17:56.3902 ERROR    - ClubRepo - Duplicate:OSSD 
2020-03-12 01:17:56.3902 ERROR    - ClubRepo - Duplicate:OSSD 
2020-03-12 01:17:56.4202 ERROR    - ClubRepo - Duplicate:UTSC 
2020-03-12 01:17:56.4202 ERROR    - ClubRepo - Duplicate:UTSC 
2020-03-12 01:17:56.4941 ERROR    - ClubRepo - Duplicate:ATIN 
2020-03-12 01:17:56.4941 ERROR    - ClubRepo - Duplicate:ATIN 
2020-03-12 01:17:56.5511 ERROR    - ClubRepo - Duplicate:BRAC 
2020-03-12 01:17:56.5511 ERROR    - ClubRepo - Duplicate:BRAC 
2020-03-12 01:17:56.5831 ERROR    - ClubRepo - Duplicate:VVAC 
2020-03-12 01:17:56.5831 ERROR    - ClubRepo - Duplicate:VVAC 
2020-03-12 01:17:56.6810 ERROR    - ClubRepo - Duplicate:MOAC 
2020-03-12 01:17:56.6810 ERROR    - ClubRepo - Duplicate:MOAC 
2020-03-12 01:17:56.7260 ERROR    - ClubRepo - Duplicate:THRO 
2020-03-12 01:17:56.7260 ERROR    - ClubRepo - Duplicate:THRO 
2020-03-12 01:17:56.8379 ERROR    - ClubRepo - Duplicate:LVLA 
2020-03-12 01:17:56.8379 ERROR    - ClubRepo - Duplicate:LVLA 
2020-03-12 01:17:56.8619 ERROR    - ClubRepo - Duplicate:OHOC 
2020-03-12 01:17:56.8619 ERROR    - ClubRepo - Duplicate:OHOC 
2020-03-12 01:17:56.8959 ERROR    - ClubRepo - Duplicate:EXTM 
2020-03-12 01:17:56.8959 ERROR    - ClubRepo - Duplicate:EXTM 
2020-03-12 01:17:56.9228 ERROR    - ClubRepo - Duplicate:TORW 
2020-03-12 01:17:56.9228 ERROR    - ClubRepo - Duplicate:TORW 
2020-03-12 01:17:56.9708 ERROR    - ClubRepo - Duplicate:ORWA 
2020-03-12 01:17:56.9708 ERROR    - ClubRepo - Duplicate:ORWA 
2020-03-12 01:17:57.0318 ERROR    - ClubRepo - Duplicate:SAAC 
2020-03-12 01:17:57.0318 ERROR    - ClubRepo - Duplicate:SAAC 
2020-03-12 01:17:57.1167 ERROR    - ClubRepo - Duplicate:JMAC 
2020-03-12 01:17:57.1167 ERROR    - ClubRepo - Duplicate:JMAC 
2020-03-12 01:17:57.1387 ERROR    - ClubRepo - Duplicate:MISS 
2020-03-12 01:17:57.1387 ERROR    - ClubRepo - Duplicate:MISS 
2020-03-12 01:17:57.1897 ERROR    - ClubRepo - Duplicate:BRNT 
2020-03-12 01:17:57.1897 ERROR    - ClubRepo - Duplicate:BRNT 
2020-03-12 01:17:57.2806 ERROR    - ClubRepo - Duplicate:YUTC 
2020-03-12 01:17:57.2806 ERROR    - ClubRepo - Duplicate:YUTC 
2020-03-12 01:17:57.3136 ERROR    - ClubRepo - Duplicate:ETOB 
2020-03-12 01:17:57.3136 ERROR    - ClubRepo - Duplicate:ETOB 
2020-03-12 01:17:57.3486 ERROR    - ClubRepo - Duplicate:BDWK 
2020-03-12 01:17:57.3486 ERROR    - ClubRepo - Duplicate:BDWK 
2020-03-12 01:17:57.3876 ERROR    - ClubRepo - Duplicate:NMKT 
2020-03-12 01:17:57.3876 ERROR    - ClubRepo - Duplicate:NMKT 
2020-03-12 01:17:57.4175 ERROR    - ClubRepo - Duplicate:SSTC 
2020-03-12 01:17:57.4175 ERROR    - ClubRepo - Duplicate:SSTC 
2020-03-12 01:17:57.4475 ERROR    - ClubRepo - Duplicate:TETC 
2020-03-12 01:17:57.4475 ERROR    - ClubRepo - Duplicate:TETC 
2020-03-12 01:17:57.5115 ERROR    - ClubRepo - Duplicate:OTTL 
2020-03-12 01:17:57.5115 ERROR    - ClubRepo - Duplicate:OTTL 
2020-03-12 01:17:57.5415 ERROR    - ClubRepo - Duplicate:MCTC 
2020-03-12 01:17:57.5415 ERROR    - ClubRepo - Duplicate:MCTC 
2020-03-12 01:17:57.5655 ERROR    - ClubRepo - Duplicate:LAUR 
2020-03-12 01:17:57.5655 ERROR    - ClubRepo - Duplicate:LAUR 
2020-03-12 01:17:57.5884 ERROR    - ClubRepo - Duplicate:CTRO 
2020-03-12 01:17:57.5884 ERROR    - ClubRepo - Duplicate:CTRO 
2020-03-12 01:17:57.6084 ERROR    - ClubRepo - Duplicate:BTPV 
2020-03-12 01:17:57.6084 ERROR    - ClubRepo - Duplicate:BTPV 
2020-03-12 01:17:57.6284 ERROR    - ClubRepo - Duplicate:UWAC 
2020-03-12 01:17:57.6284 ERROR    - ClubRepo - Duplicate:UWAC 
2020-03-12 01:17:57.6494 ERROR    - ClubRepo - Duplicate:OTOC 
2020-03-12 01:17:57.6494 ERROR    - ClubRepo - Duplicate:OTOC 
2020-03-12 01:17:57.6754 ERROR    - ClubRepo - Duplicate:FLYA 
2020-03-12 01:17:57.6754 ERROR    - ClubRepo - Duplicate:FLYA 
2020-03-12 01:17:57.7024 ERROR    - ClubRepo - Duplicate:CSJO 
2020-03-12 01:17:57.7024 ERROR    - ClubRepo - Duplicate:CSJO 
2020-03-12 01:17:57.7234 ERROR    - ClubRepo - Duplicate:DLEG 
2020-03-12 01:17:57.7234 ERROR    - ClubRepo - Duplicate:DLEG 
2020-03-12 01:17:58.1891 ERROR    - ResultRepo - Duplicate Result: 2002->4875->7049 
2020-03-12 01:17:58.1891 ERROR    - ResultRepo - Duplicate Result: 2002->4875->7049 
2020-03-12 01:17:58.2840 ERROR    - ResultRepo - Duplicate Result: 2002->4701->7049 
2020-03-12 01:17:58.2840 ERROR    - ResultRepo - Duplicate Result: 2002->4701->7049 
2020-03-12 01:17:58.3730 ERROR    - ResultRepo - Duplicate Result: 2002->4702->7049 
2020-03-12 01:17:58.3730 ERROR    - ResultRepo - Duplicate Result: 2002->4702->7049 
2020-03-12 01:17:58.4449 ERROR    - ResultRepo - Duplicate Result: 2002->4703->7049 
2020-03-12 01:17:58.4449 ERROR    - ResultRepo - Duplicate Result: 2002->4703->7049 
2020-03-12 01:17:58.5528 ERROR    - ResultRepo - Duplicate Result: 2002->4876->7049 
2020-03-12 01:17:58.5528 ERROR    - ResultRepo - Duplicate Result: 2002->4876->7049 
2020-03-12 01:17:58.6788 ERROR    - ResultRepo - Duplicate Result: 2002->4875->7050 
2020-03-12 01:17:58.6788 ERROR    - ResultRepo - Duplicate Result: 2002->4875->7050 
2020-03-12 01:17:58.9066 ERROR    - ResultRepo - Duplicate Result: 2002->4703->7050 
2020-03-12 01:17:58.9066 ERROR    - ResultRepo - Duplicate Result: 2002->4703->7050 
2020-03-12 01:17:59.1845 ERROR    - ResultRepo - Duplicate Result: 2002->4702->7050 
2020-03-12 01:17:59.1845 ERROR    - ResultRepo - Duplicate Result: 2002->4702->7050 
2020-03-12 01:17:59.3384 ERROR    - ResultRepo - Duplicate Result: 2002->4701->7050 
2020-03-12 01:17:59.3384 ERROR    - ResultRepo - Duplicate Result: 2002->4701->7050 
2020-03-12 01:17:59.5492 ERROR    - ResultRepo - Duplicate Result: 2002->4877->7050 
2020-03-12 01:17:59.5492 ERROR    - ResultRepo - Duplicate Result: 2002->4877->7050 
2020-03-12 01:17:59.8760 ERROR    - ResultRepo - Duplicate Result: 2002->4875->7051 
2020-03-12 01:17:59.8760 ERROR    - ResultRepo - Duplicate Result: 2002->4875->7051 
2020-03-12 01:17:59.9790 ERROR    - ResultRepo - Duplicate Result: 2002->4703->7051 
2020-03-12 01:17:59.9790 ERROR    - ResultRepo - Duplicate Result: 2002->4703->7051 
2020-03-12 01:18:00.9024 ERROR    - ResultRepo - Duplicate Result: 2002->4702->7051 
2020-03-12 01:18:00.9024 ERROR    - ResultRepo - Duplicate Result: 2002->4702->7051 
2020-03-12 01:18:01.2492 ERROR    - ResultRepo - Duplicate Result: 2002->4701->7051 
2020-03-12 01:18:01.2492 ERROR    - ResultRepo - Duplicate Result: 2002->4701->7051 
2020-03-12 01:18:01.5040 ERROR    - ResultRepo - Duplicate Result: 2002->4877->7051 
2020-03-12 01:18:01.5040 ERROR    - ResultRepo - Duplicate Result: 2002->4877->7051 
2020-03-12 01:18:01.6829 ERROR    - ResultRepo - Duplicate Result: 2002->4875->7052 
2020-03-12 01:18:01.6829 ERROR    - ResultRepo - Duplicate Result: 2002->4875->7052 
2020-03-12 01:18:02.0037 ERROR    - ResultRepo - Duplicate Result: 2002->4703->7052 
2020-03-12 01:18:02.0037 ERROR    - ResultRepo - Duplicate Result: 2002->4703->7052 
2020-03-12 01:18:02.3075 ERROR    - ResultRepo - Duplicate Result: 2002->4702->7052 
2020-03-12 01:18:02.3075 ERROR    - ResultRepo - Duplicate Result: 2002->4702->7052 
2020-03-12 01:18:02.7712 ERROR    - ResultRepo - Duplicate Result: 2002->4701->7052 
2020-03-12 01:18:02.7712 ERROR    - ResultRepo - Duplicate Result: 2002->4701->7052 
2020-03-12 01:18:03.3459 ERROR    - ResultRepo - Duplicate Result: 2002->4877->7052 
2020-03-12 01:18:03.3459 ERROR    - ResultRepo - Duplicate Result: 2002->4877->7052 
2020-03-12 01:18:03.4558 ERROR    - ResultRepo - Duplicate Result: 2002->4875->7053 
2020-03-12 01:18:03.4558 ERROR    - ResultRepo - Duplicate Result: 2002->4875->7053 
2020-03-12 01:18:03.5648 ERROR    - ResultRepo - Duplicate Result: 2002->4703->7053 
2020-03-12 01:18:03.5648 ERROR    - ResultRepo - Duplicate Result: 2002->4703->7053 
2020-03-12 01:18:03.6787 ERROR    - ResultRepo - Duplicate Result: 2002->4702->7053 
2020-03-12 01:18:03.6787 ERROR    - ResultRepo - Duplicate Result: 2002->4702->7053 
2020-03-12 01:18:03.7756 ERROR    - ResultRepo - Duplicate Result: 2002->4701->7053 
2020-03-12 01:18:03.7756 ERROR    - ResultRepo - Duplicate Result: 2002->4701->7053 
2020-03-12 01:18:03.8986 ERROR    - ResultRepo - Duplicate Result: 2002->4877->7053 
2020-03-12 01:18:03.8986 ERROR    - ResultRepo - Duplicate Result: 2002->4877->7053 
2020-03-12 01:18:04.0335 ERROR    - ResultRepo - Duplicate Result: 2002->4875->7054 
2020-03-12 01:18:04.0335 ERROR    - ResultRepo - Duplicate Result: 2002->4875->7054 
2020-03-12 01:18:04.1164 ERROR    - ResultRepo - Duplicate Result: 2002->4703->7054 
2020-03-12 01:18:04.1164 ERROR    - ResultRepo - Duplicate Result: 2002->4703->7054 
2020-03-12 01:18:04.2254 ERROR    - ResultRepo - Duplicate Result: 2002->4702->7054 
2020-03-12 01:18:04.2254 ERROR    - ResultRepo - Duplicate Result: 2002->4702->7054 
2020-03-12 01:18:04.3033 ERROR    - ResultRepo - Duplicate Result: 2002->4701->7054 
2020-03-12 01:18:04.3033 ERROR    - ResultRepo - Duplicate Result: 2002->4701->7054 
2020-03-12 01:18:04.4482 ERROR    - ResultRepo - Duplicate Result: 2002->4877->7054 
2020-03-12 01:18:04.4482 ERROR    - ResultRepo - Duplicate Result: 2002->4877->7054 
2020-03-12 01:18:04.5731 ERROR    - ResultRepo - Duplicate Result: 2002->4875->7055 
2020-03-12 01:18:04.5731 ERROR    - ResultRepo - Duplicate Result: 2002->4875->7055 
2020-03-12 01:18:04.6881 ERROR    - ResultRepo - Duplicate Result: 2002->4703->7055 
2020-03-12 01:18:04.6881 ERROR    - ResultRepo - Duplicate Result: 2002->4703->7055 
2020-03-12 01:18:04.7670 ERROR    - ResultRepo - Duplicate Result: 2002->4702->7055 
2020-03-12 01:18:04.7670 ERROR    - ResultRepo - Duplicate Result: 2002->4702->7055 
2020-03-12 01:18:04.8590 ERROR    - ResultRepo - Duplicate Result: 2002->4701->7055 
2020-03-12 01:18:04.8590 ERROR    - ResultRepo - Duplicate Result: 2002->4701->7055 
2020-03-12 01:18:04.9399 ERROR    - ResultRepo - Duplicate Result: 2002->4877->7055 
2020-03-12 01:18:04.9399 ERROR    - ResultRepo - Duplicate Result: 2002->4877->7055 
2020-03-12 01:18:05.0389 ERROR    - ResultRepo - Duplicate Result: 2002->4875->7056 
2020-03-12 01:18:05.0389 ERROR    - ResultRepo - Duplicate Result: 2002->4875->7056 
2020-03-12 01:18:05.1718 ERROR    - ResultRepo - Duplicate Result: 2002->4703->7056 
2020-03-12 01:18:05.1718 ERROR    - ResultRepo - Duplicate Result: 2002->4703->7056 
2020-03-12 01:18:05.3866 ERROR    - ResultRepo - Duplicate Result: 2002->4702->7056 
2020-03-12 01:18:05.3866 ERROR    - ResultRepo - Duplicate Result: 2002->4702->7056 
2020-03-12 01:18:05.6315 ERROR    - ResultRepo - Duplicate Result: 2002->4701->7056 
2020-03-12 01:18:05.6315 ERROR    - ResultRepo - Duplicate Result: 2002->4701->7056 
2020-03-12 01:18:05.8953 ERROR    - ResultRepo - Duplicate Result: 2002->4877->7056 
2020-03-12 01:18:05.8953 ERROR    - ResultRepo - Duplicate Result: 2002->4877->7056 
2020-03-12 01:18:06.1622 ERROR    - ResultRepo - Duplicate Result: 2002->4705->6771 
2020-03-12 01:18:06.1622 ERROR    - ResultRepo - Duplicate Result: 2002->4705->6771 
2020-03-12 01:18:06.2811 ERROR    - ResultRepo - Duplicate Result: 2002->4706->6771 
2020-03-12 01:18:06.2811 ERROR    - ResultRepo - Duplicate Result: 2002->4706->6771 
2020-03-12 01:18:06.3511 ERROR    - ResultRepo - Duplicate Result: 2002->4707->7057 
2020-03-12 01:18:06.3511 ERROR    - ResultRepo - Duplicate Result: 2002->4707->7057 
2020-03-12 01:18:06.4320 ERROR    - ResultRepo - Duplicate Result: 2002->4708->7057 
2020-03-12 01:18:06.4320 ERROR    - ResultRepo - Duplicate Result: 2002->4708->7057 
2020-03-12 01:18:06.5159 ERROR    - ResultRepo - Duplicate Result: 2002->4709->7058 
2020-03-12 01:18:06.5159 ERROR    - ResultRepo - Duplicate Result: 2002->4709->7058 
2020-03-12 01:18:06.5989 ERROR    - ResultRepo - Duplicate Result: 2002->4710->7058 
2020-03-12 01:18:06.5989 ERROR    - ResultRepo - Duplicate Result: 2002->4710->7058 
2020-03-12 01:18:06.7038 ERROR    - ResultRepo - Duplicate Result: 2002->4711->7059 
2020-03-12 01:18:06.7038 ERROR    - ResultRepo - Duplicate Result: 2002->4711->7059 
2020-03-12 01:18:06.9447 ERROR    - ResultRepo - Duplicate Result: 2002->4712->7060 
2020-03-12 01:18:06.9447 ERROR    - ResultRepo - Duplicate Result: 2002->4712->7060 
2020-03-12 01:18:07.0556 ERROR    - ResultRepo - Duplicate Result: 2002->4713->7060 
2020-03-12 01:18:07.0556 ERROR    - ResultRepo - Duplicate Result: 2002->4713->7060 
2020-03-12 01:18:07.1396 ERROR    - ResultRepo - Duplicate Result: 2002->4712->7061 
2020-03-12 01:18:07.1396 ERROR    - ResultRepo - Duplicate Result: 2002->4712->7061 
2020-03-12 01:18:07.2485 ERROR    - ResultRepo - Duplicate Result: 2002->4713->7061 
2020-03-12 01:18:07.2485 ERROR    - ResultRepo - Duplicate Result: 2002->4713->7061 
2020-03-12 01:18:07.3344 ERROR    - ResultRepo - Duplicate Result: 2002->4714->7062 
2020-03-12 01:18:07.3344 ERROR    - ResultRepo - Duplicate Result: 2002->4714->7062 
2020-03-12 01:18:07.4054 ERROR    - ResultRepo - Duplicate Result: 2002->4715->7062 
2020-03-12 01:18:07.4054 ERROR    - ResultRepo - Duplicate Result: 2002->4715->7062 
2020-03-12 01:18:07.4714 ERROR    - ResultRepo - Duplicate Result: 2002->4711->7063 
2020-03-12 01:18:07.4714 ERROR    - ResultRepo - Duplicate Result: 2002->4711->7063 
2020-03-12 01:18:07.5463 ERROR    - ResultRepo - Duplicate Result: 2002->4716->7064 
2020-03-12 01:18:07.5463 ERROR    - ResultRepo - Duplicate Result: 2002->4716->7064 
2020-03-12 01:18:07.6343 ERROR    - ResultRepo - Duplicate Result: 2002->4717->7064 
2020-03-12 01:18:07.6343 ERROR    - ResultRepo - Duplicate Result: 2002->4717->7064 
2020-03-12 01:18:07.7052 ERROR    - ResultRepo - Duplicate Result: 2002->4714->7065 
2020-03-12 01:18:07.7052 ERROR    - ResultRepo - Duplicate Result: 2002->4714->7065 
2020-03-12 01:18:07.8271 ERROR    - ResultRepo - Duplicate Result: 2002->4715->7065 
2020-03-12 01:18:07.8271 ERROR    - ResultRepo - Duplicate Result: 2002->4715->7065 
2020-03-12 01:18:07.9990 ERROR    - ResultRepo - Duplicate Result: 2002->4712->7066 
2020-03-12 01:18:07.9990 ERROR    - ResultRepo - Duplicate Result: 2002->4712->7066 
2020-03-12 01:18:08.0870 ERROR    - ResultRepo - Duplicate Result: 2002->4713->7066 
2020-03-12 01:18:08.0870 ERROR    - ResultRepo - Duplicate Result: 2002->4713->7066 
2020-03-12 01:18:08.2519 ERROR    - ResultRepo - Duplicate Result: 2002->4714->7067 
2020-03-12 01:18:08.2519 ERROR    - ResultRepo - Duplicate Result: 2002->4714->7067 
2020-03-12 01:18:08.4558 ERROR    - ResultRepo - Duplicate Result: 2002->4715->7067 
2020-03-12 01:18:08.4558 ERROR    - ResultRepo - Duplicate Result: 2002->4715->7067 
2020-03-12 01:18:08.6157 ERROR    - ResultRepo - Duplicate Result: 2002->4709->7068 
2020-03-12 01:18:08.6157 ERROR    - ResultRepo - Duplicate Result: 2002->4709->7068 
2020-03-12 01:18:08.7476 ERROR    - ResultRepo - Duplicate Result: 2002->4710->7068 
2020-03-12 01:18:08.7476 ERROR    - ResultRepo - Duplicate Result: 2002->4710->7068 
2020-03-12 01:18:08.8975 ERROR    - ResultRepo - Duplicate Result: 2002->4707->7069 
2020-03-12 01:18:08.8975 ERROR    - ResultRepo - Duplicate Result: 2002->4707->7069 
2020-03-12 01:18:08.9784 ERROR    - ResultRepo - Duplicate Result: 2002->4708->7069 
2020-03-12 01:18:08.9784 ERROR    - ResultRepo - Duplicate Result: 2002->4708->7069 
2020-03-12 01:18:09.0654 ERROR    - ResultRepo - Duplicate Result: 2002->4714->5905 
2020-03-12 01:18:09.0654 ERROR    - ResultRepo - Duplicate Result: 2002->4714->5905 
2020-03-12 01:18:09.1513 ERROR    - ResultRepo - Duplicate Result: 2002->4715->5905 
2020-03-12 01:18:09.1513 ERROR    - ResultRepo - Duplicate Result: 2002->4715->5905 
2020-03-12 01:18:09.2163 ERROR    - ResultRepo - Duplicate Result: 2002->4714->7070 
2020-03-12 01:18:09.2163 ERROR    - ResultRepo - Duplicate Result: 2002->4714->7070 
2020-03-12 01:18:09.2822 ERROR    - ResultRepo - Duplicate Result: 2002->4715->7070 
2020-03-12 01:18:09.2822 ERROR    - ResultRepo - Duplicate Result: 2002->4715->7070 
2020-03-12 01:18:09.3452 ERROR    - ResultRepo - Duplicate Result: 2002->4714->5979 
2020-03-12 01:18:09.3452 ERROR    - ResultRepo - Duplicate Result: 2002->4714->5979 
2020-03-12 01:18:09.4032 ERROR    - ResultRepo - Duplicate Result: 2002->4715->5979 
2020-03-12 01:18:09.4032 ERROR    - ResultRepo - Duplicate Result: 2002->4715->5979 
2020-03-12 01:18:09.4691 ERROR    - ResultRepo - Duplicate Result: 2002->4714->7071 
2020-03-12 01:18:09.4691 ERROR    - ResultRepo - Duplicate Result: 2002->4714->7071 
2020-03-12 01:18:09.5321 ERROR    - ResultRepo - Duplicate Result: 2002->4715->7071 
2020-03-12 01:18:09.5321 ERROR    - ResultRepo - Duplicate Result: 2002->4715->7071 
2020-03-12 01:18:09.5971 ERROR    - ResultRepo - Duplicate Result: 2002->4707->7072 
2020-03-12 01:18:09.5971 ERROR    - ResultRepo - Duplicate Result: 2002->4707->7072 
2020-03-12 01:18:09.6950 ERROR    - ResultRepo - Duplicate Result: 2002->4708->7072 
2020-03-12 01:18:09.6950 ERROR    - ResultRepo - Duplicate Result: 2002->4708->7072 
2020-03-12 01:18:09.7689 ERROR    - ResultRepo - Duplicate Result: 2002->4718->6648 
2020-03-12 01:18:09.7689 ERROR    - ResultRepo - Duplicate Result: 2002->4718->6648 
2020-03-12 01:18:10.0638 ERROR    - ResultRepo - Duplicate Result: 2002->4711->6648 
2020-03-12 01:18:10.0638 ERROR    - ResultRepo - Duplicate Result: 2002->4711->6648 
2020-03-12 01:18:10.2626 ERROR    - ResultRepo - Duplicate Result: 2002->4714->7073 
2020-03-12 01:18:10.2626 ERROR    - ResultRepo - Duplicate Result: 2002->4714->7073 
2020-03-12 01:18:10.4165 ERROR    - ResultRepo - Duplicate Result: 2002->4715->7073 
2020-03-12 01:18:10.4165 ERROR    - ResultRepo - Duplicate Result: 2002->4715->7073 
2020-03-12 01:18:10.5095 ERROR    - ResultRepo - Duplicate Result: 2002->4714->5969 
2020-03-12 01:18:10.5095 ERROR    - ResultRepo - Duplicate Result: 2002->4714->5969 
2020-03-12 01:18:10.7693 ERROR    - ResultRepo - Duplicate Result: 2002->4715->5969 
2020-03-12 01:18:10.7693 ERROR    - ResultRepo - Duplicate Result: 2002->4715->5969 
2020-03-12 01:18:11.1031 ERROR    - ResultRepo - Duplicate Result: 2002->4714->7074 
2020-03-12 01:18:11.1031 ERROR    - ResultRepo - Duplicate Result: 2002->4714->7074 
2020-03-12 01:18:11.2770 ERROR    - ResultRepo - Duplicate Result: 2002->4715->7074 
2020-03-12 01:18:11.2770 ERROR    - ResultRepo - Duplicate Result: 2002->4715->7074 
2020-03-12 01:18:11.3520 ERROR    - ResultRepo - Duplicate Result: 2002->4714->7075 
2020-03-12 01:18:11.3520 ERROR    - ResultRepo - Duplicate Result: 2002->4714->7075 
2020-03-12 01:18:11.4199 ERROR    - ResultRepo - Duplicate Result: 2002->4715->7075 
2020-03-12 01:18:11.4199 ERROR    - ResultRepo - Duplicate Result: 2002->4715->7075 
2020-03-12 01:18:11.5029 ERROR    - ResultRepo - Duplicate Result: 2002->4714->7076 
2020-03-12 01:18:11.5029 ERROR    - ResultRepo - Duplicate Result: 2002->4714->7076 
2020-03-12 01:18:11.5658 ERROR    - ResultRepo - Duplicate Result: 2002->4715->7076 
2020-03-12 01:18:11.5658 ERROR    - ResultRepo - Duplicate Result: 2002->4715->7076 
2020-03-12 01:18:11.6278 ERROR    - ResultRepo - Duplicate Result: 2002->4714->7077 
2020-03-12 01:18:11.6278 ERROR    - ResultRepo - Duplicate Result: 2002->4714->7077 
2020-03-12 01:18:11.6968 ERROR    - ResultRepo - Duplicate Result: 2002->4715->7077 
2020-03-12 01:18:11.6968 ERROR    - ResultRepo - Duplicate Result: 2002->4715->7077 
2020-03-12 01:18:11.7607 ERROR    - ResultRepo - Duplicate Result: 2002->4714->7078 
2020-03-12 01:18:11.7607 ERROR    - ResultRepo - Duplicate Result: 2002->4714->7078 
2020-03-12 01:18:11.8347 ERROR    - ResultRepo - Duplicate Result: 2002->4715->7078 
2020-03-12 01:18:11.8347 ERROR    - ResultRepo - Duplicate Result: 2002->4715->7078 
2020-03-12 01:18:11.8986 ERROR    - ResultRepo - Duplicate Result: 2002->4714->6017 
2020-03-12 01:18:11.8986 ERROR    - ResultRepo - Duplicate Result: 2002->4714->6017 
2020-03-12 01:18:11.9666 ERROR    - ResultRepo - Duplicate Result: 2002->4715->6017 
2020-03-12 01:18:11.9666 ERROR    - ResultRepo - Duplicate Result: 2002->4715->6017 
2020-03-12 01:18:12.0326 ERROR    - ResultRepo - Duplicate Result: 2002->4714->7079 
2020-03-12 01:18:12.0326 ERROR    - ResultRepo - Duplicate Result: 2002->4714->7079 
2020-03-12 01:18:12.1055 ERROR    - ResultRepo - Duplicate Result: 2002->4715->7079 
2020-03-12 01:18:12.1055 ERROR    - ResultRepo - Duplicate Result: 2002->4715->7079 
2020-03-12 01:18:12.1935 ERROR    - ResultRepo - Duplicate Result: 2002->4714->7080 
2020-03-12 01:18:12.1935 ERROR    - ResultRepo - Duplicate Result: 2002->4714->7080 
2020-03-12 01:18:12.2584 ERROR    - ResultRepo - Duplicate Result: 2002->4715->7080 
2020-03-12 01:18:12.2584 ERROR    - ResultRepo - Duplicate Result: 2002->4715->7080 
2020-03-12 01:18:12.3214 ERROR    - ResultRepo - Duplicate Result: 2002->4714->7081 
2020-03-12 01:18:12.3214 ERROR    - ResultRepo - Duplicate Result: 2002->4714->7081 
2020-03-12 01:18:12.4233 ERROR    - ResultRepo - Duplicate Result: 2002->4715->7081 
2020-03-12 01:18:12.4233 ERROR    - ResultRepo - Duplicate Result: 2002->4715->7081 
2020-03-12 01:18:12.4963 ERROR    - ResultRepo - Duplicate Result: 2002->4714->7082 
2020-03-12 01:18:12.4963 ERROR    - ResultRepo - Duplicate Result: 2002->4714->7082 
2020-03-12 01:18:12.6282 ERROR    - ResultRepo - Duplicate Result: 2002->4715->7082 
2020-03-12 01:18:12.6282 ERROR    - ResultRepo - Duplicate Result: 2002->4715->7082 
2020-03-12 01:18:12.8550 ERROR    - ResultRepo - Duplicate Result: 2002->4707->7083 
2020-03-12 01:18:12.8550 ERROR    - ResultRepo - Duplicate Result: 2002->4707->7083 
2020-03-12 01:18:13.0179 ERROR    - ResultRepo - Duplicate Result: 2002->4708->7083 
2020-03-12 01:18:13.0179 ERROR    - ResultRepo - Duplicate Result: 2002->4708->7083 
2020-03-12 01:18:13.2098 ERROR    - ResultRepo - Duplicate Result: 2002->4716->7084 
2020-03-12 01:18:13.2098 ERROR    - ResultRepo - Duplicate Result: 2002->4716->7084 
2020-03-12 01:18:13.4077 ERROR    - ResultRepo - Duplicate Result: 2002->4717->7084 
2020-03-12 01:18:13.4077 ERROR    - ResultRepo - Duplicate Result: 2002->4717->7084 
2020-03-12 01:18:13.5486 ERROR    - ResultRepo - Duplicate Result: 2002->4719->7085 
2020-03-12 01:18:13.5486 ERROR    - ResultRepo - Duplicate Result: 2002->4719->7085 
2020-03-12 01:18:13.6276 ERROR    - ResultRepo - Duplicate Result: 2002->4714->7086 
2020-03-12 01:18:13.6276 ERROR    - ResultRepo - Duplicate Result: 2002->4714->7086 
2020-03-12 01:18:13.6935 ERROR    - ResultRepo - Duplicate Result: 2002->4715->7086 
2020-03-12 01:18:13.6935 ERROR    - ResultRepo - Duplicate Result: 2002->4715->7086 
2020-03-12 01:18:13.7565 ERROR    - ResultRepo - Duplicate Result: 2002->4714->7087 
2020-03-12 01:18:13.7565 ERROR    - ResultRepo - Duplicate Result: 2002->4714->7087 
2020-03-12 01:18:13.8404 ERROR    - ResultRepo - Duplicate Result: 2002->4715->7087 
2020-03-12 01:18:13.8404 ERROR    - ResultRepo - Duplicate Result: 2002->4715->7087 
2020-03-12 01:18:13.9304 ERROR    - ResultRepo - Duplicate Result: 2002->4712->7088 
2020-03-12 01:18:13.9304 ERROR    - ResultRepo - Duplicate Result: 2002->4712->7088 
2020-03-12 01:18:14.0363 ERROR    - ResultRepo - Duplicate Result: 2002->4713->7088 
2020-03-12 01:18:14.0363 ERROR    - ResultRepo - Duplicate Result: 2002->4713->7088 
2020-03-12 01:18:14.1093 ERROR    - ResultRepo - Duplicate Result: 2002->4709->7089 
2020-03-12 01:18:14.1093 ERROR    - ResultRepo - Duplicate Result: 2002->4709->7089 
2020-03-12 01:18:14.1952 ERROR    - ResultRepo - Duplicate Result: 2002->4710->7089 
2020-03-12 01:18:14.1952 ERROR    - ResultRepo - Duplicate Result: 2002->4710->7089 
2020-03-12 01:18:14.2652 ERROR    - ResultRepo - Duplicate Result: 2002->4720->7090 
2020-03-12 01:18:14.2652 ERROR    - ResultRepo - Duplicate Result: 2002->4720->7090 
2020-03-12 01:18:14.3391 ERROR    - ResultRepo - Duplicate Result: 2002->4719->7090 
2020-03-12 01:18:14.3391 ERROR    - ResultRepo - Duplicate Result: 2002->4719->7090 
2020-03-12 01:18:14.4221 ERROR    - ResultRepo - Duplicate Result: 2002->4721->7091 
2020-03-12 01:18:14.4221 ERROR    - ResultRepo - Duplicate Result: 2002->4721->7091 
2020-03-12 01:18:14.7779 ERROR    - ResultRepo - Duplicate Result: 2002->4722->7091 
2020-03-12 01:18:14.7779 ERROR    - ResultRepo - Duplicate Result: 2002->4722->7091 
2020-03-12 01:18:15.0507 ERROR    - ResultRepo - Duplicate Result: 2002->4723->7092 
2020-03-12 01:18:15.0507 ERROR    - ResultRepo - Duplicate Result: 2002->4723->7092 
2020-03-12 01:18:15.2646 ERROR    - ResultRepo - Duplicate Result: 2002->4724->7092 
2020-03-12 01:18:15.2646 ERROR    - ResultRepo - Duplicate Result: 2002->4724->7092 
2020-03-12 01:18:15.6623 ERROR    - ResultRepo - Duplicate Result: 2002->4714->7093 
2020-03-12 01:18:15.6623 ERROR    - ResultRepo - Duplicate Result: 2002->4714->7093 
2020-03-12 01:18:15.9671 ERROR    - ResultRepo - Duplicate Result: 2002->4715->7093 
2020-03-12 01:18:15.9671 ERROR    - ResultRepo - Duplicate Result: 2002->4715->7093 
2020-03-12 01:18:16.0411 ERROR    - ResultRepo - Duplicate Result: 2002->4721->7094 
2020-03-12 01:18:16.0411 ERROR    - ResultRepo - Duplicate Result: 2002->4721->7094 
2020-03-12 01:18:16.2010 ERROR    - ResultRepo - Duplicate Result: 2002->4722->7094 
2020-03-12 01:18:16.2010 ERROR    - ResultRepo - Duplicate Result: 2002->4722->7094 
2020-03-12 01:18:16.2789 ERROR    - ResultRepo - Duplicate Result: 2002->4720->7095 
2020-03-12 01:18:16.2789 ERROR    - ResultRepo - Duplicate Result: 2002->4720->7095 
2020-03-12 01:18:16.3659 ERROR    - ResultRepo - Duplicate Result: 2002->4719->7095 
2020-03-12 01:18:16.3659 ERROR    - ResultRepo - Duplicate Result: 2002->4719->7095 
2020-03-12 01:18:16.4478 ERROR    - ResultRepo - Duplicate Result: 2002->4714->5925 
2020-03-12 01:18:16.4478 ERROR    - ResultRepo - Duplicate Result: 2002->4714->5925 
2020-03-12 01:18:16.5188 ERROR    - ResultRepo - Duplicate Result: 2002->4715->5925 
2020-03-12 01:18:16.5188 ERROR    - ResultRepo - Duplicate Result: 2002->4715->5925 
2020-03-12 01:18:16.5947 ERROR    - ResultRepo - Duplicate Result: 2002->4714->6101 
2020-03-12 01:18:16.5947 ERROR    - ResultRepo - Duplicate Result: 2002->4714->6101 
2020-03-12 01:18:16.6527 ERROR    - ResultRepo - Duplicate Result: 2002->4715->6101 
2020-03-12 01:18:16.6527 ERROR    - ResultRepo - Duplicate Result: 2002->4715->6101 
2020-03-12 01:18:16.7257 ERROR    - ResultRepo - Duplicate Result: 2002->4714->6366 
2020-03-12 01:18:16.7257 ERROR    - ResultRepo - Duplicate Result: 2002->4714->6366 
2020-03-12 01:18:16.7926 ERROR    - ResultRepo - Duplicate Result: 2002->4715->6366 
2020-03-12 01:18:16.7926 ERROR    - ResultRepo - Duplicate Result: 2002->4715->6366 
2020-03-12 01:18:17.0075 ERROR    - ResultRepo - Duplicate Result: 2002->4714->7096 
2020-03-12 01:18:17.0075 ERROR    - ResultRepo - Duplicate Result: 2002->4714->7096 
2020-03-12 01:18:17.0854 ERROR    - ResultRepo - Duplicate Result: 2002->4715->7096 
2020-03-12 01:18:17.0854 ERROR    - ResultRepo - Duplicate Result: 2002->4715->7096 
2020-03-12 01:18:17.1614 ERROR    - ResultRepo - Duplicate Result: 2002->4718->7097 
2020-03-12 01:18:17.1614 ERROR    - ResultRepo - Duplicate Result: 2002->4718->7097 
2020-03-12 01:18:17.2413 ERROR    - ResultRepo - Duplicate Result: 2002->4711->7097 
2020-03-12 01:18:17.2413 ERROR    - ResultRepo - Duplicate Result: 2002->4711->7097 
2020-03-12 01:18:17.3123 ERROR    - ResultRepo - Duplicate Result: 2002->4721->7098 
2020-03-12 01:18:17.3123 ERROR    - ResultRepo - Duplicate Result: 2002->4721->7098 
2020-03-12 01:18:17.3733 ERROR    - ResultRepo - Duplicate Result: 2002->4722->7098 
2020-03-12 01:18:17.3733 ERROR    - ResultRepo - Duplicate Result: 2002->4722->7098 
2020-03-12 01:18:17.4392 ERROR    - ResultRepo - Duplicate Result: 2002->4716->7099 
2020-03-12 01:18:17.4392 ERROR    - ResultRepo - Duplicate Result: 2002->4716->7099 
2020-03-12 01:18:17.4992 ERROR    - ResultRepo - Duplicate Result: 2002->4717->7099 
2020-03-12 01:18:17.4992 ERROR    - ResultRepo - Duplicate Result: 2002->4717->7099 
2020-03-12 01:18:17.5602 ERROR    - ResultRepo - Duplicate Result: 2002->4714->7100 
2020-03-12 01:18:17.5602 ERROR    - ResultRepo - Duplicate Result: 2002->4714->7100 
2020-03-12 01:18:17.6221 ERROR    - ResultRepo - Duplicate Result: 2002->4715->7100 
2020-03-12 01:18:17.6221 ERROR    - ResultRepo - Duplicate Result: 2002->4715->7100 
2020-03-12 01:18:17.7021 ERROR    - ResultRepo - Duplicate Result: 2002->4716->7101 
2020-03-12 01:18:17.7021 ERROR    - ResultRepo - Duplicate Result: 2002->4716->7101 
2020-03-12 01:18:17.7620 ERROR    - ResultRepo - Duplicate Result: 2002->4717->7101 
2020-03-12 01:18:17.7620 ERROR    - ResultRepo - Duplicate Result: 2002->4717->7101 
2020-03-12 01:18:17.8320 ERROR    - ResultRepo - Duplicate Result: 2002->4712->7102 
2020-03-12 01:18:17.8320 ERROR    - ResultRepo - Duplicate Result: 2002->4712->7102 
2020-03-12 01:18:17.9099 ERROR    - ResultRepo - Duplicate Result: 2002->4713->7102 
2020-03-12 01:18:17.9099 ERROR    - ResultRepo - Duplicate Result: 2002->4713->7102 
2020-03-12 01:18:17.9769 ERROR    - ResultRepo - Duplicate Result: 2002->4725->7103 
2020-03-12 01:18:17.9769 ERROR    - ResultRepo - Duplicate Result: 2002->4725->7103 
2020-03-12 01:18:18.0658 ERROR    - ResultRepo - Duplicate Result: 2002->4714->7104 
2020-03-12 01:18:18.0658 ERROR    - ResultRepo - Duplicate Result: 2002->4714->7104 
2020-03-12 01:18:18.1528 ERROR    - ResultRepo - Duplicate Result: 2002->4715->7104 
2020-03-12 01:18:18.1528 ERROR    - ResultRepo - Duplicate Result: 2002->4715->7104 
2020-03-12 01:18:18.2247 ERROR    - ResultRepo - Duplicate Result: 2002->4705->7105 
2020-03-12 01:18:18.2247 ERROR    - ResultRepo - Duplicate Result: 2002->4705->7105 
2020-03-12 01:18:18.3047 ERROR    - ResultRepo - Duplicate Result: 2002->4706->7105 
2020-03-12 01:18:18.3047 ERROR    - ResultRepo - Duplicate Result: 2002->4706->7105 
2020-03-12 01:18:18.3697 ERROR    - ResultRepo - Duplicate Result: 2002->4718->7106 
2020-03-12 01:18:18.3697 ERROR    - ResultRepo - Duplicate Result: 2002->4718->7106 
2020-03-12 01:18:18.4406 ERROR    - ResultRepo - Duplicate Result: 2002->4711->7106 
2020-03-12 01:18:18.4406 ERROR    - ResultRepo - Duplicate Result: 2002->4711->7106 
2020-03-12 01:18:18.5026 ERROR    - ResultRepo - Duplicate Result: 2002->4716->7107 
2020-03-12 01:18:18.5026 ERROR    - ResultRepo - Duplicate Result: 2002->4716->7107 
2020-03-12 01:18:18.5745 ERROR    - ResultRepo - Duplicate Result: 2002->4717->7107 
2020-03-12 01:18:18.5745 ERROR    - ResultRepo - Duplicate Result: 2002->4717->7107 
2020-03-12 01:18:18.6375 ERROR    - ResultRepo - Duplicate Result: 2002->4714->6043 
2020-03-12 01:18:18.6375 ERROR    - ResultRepo - Duplicate Result: 2002->4714->6043 
2020-03-12 01:18:18.7044 ERROR    - ResultRepo - Duplicate Result: 2002->4715->6043 
2020-03-12 01:18:18.7044 ERROR    - ResultRepo - Duplicate Result: 2002->4715->6043 
2020-03-12 01:18:18.7844 ERROR    - ResultRepo - Duplicate Result: 2002->4712->6082 
2020-03-12 01:18:18.7844 ERROR    - ResultRepo - Duplicate Result: 2002->4712->6082 
2020-03-12 01:18:18.8474 ERROR    - ResultRepo - Duplicate Result: 2002->4713->6082 
2020-03-12 01:18:18.8474 ERROR    - ResultRepo - Duplicate Result: 2002->4713->6082 
2020-03-12 01:18:18.9113 ERROR    - ResultRepo - Duplicate Result: 2002->4716->7108 
2020-03-12 01:18:18.9113 ERROR    - ResultRepo - Duplicate Result: 2002->4716->7108 
2020-03-12 01:18:18.9983 ERROR    - ResultRepo - Duplicate Result: 2002->4717->7108 
2020-03-12 01:18:18.9983 ERROR    - ResultRepo - Duplicate Result: 2002->4717->7108 
2020-03-12 01:18:19.0672 ERROR    - ResultRepo - Duplicate Result: 2002->4707->7109 
2020-03-12 01:18:19.0672 ERROR    - ResultRepo - Duplicate Result: 2002->4707->7109 
2020-03-12 01:18:19.1272 ERROR    - ResultRepo - Duplicate Result: 2002->4708->7109 
2020-03-12 01:18:19.1272 ERROR    - ResultRepo - Duplicate Result: 2002->4708->7109 
2020-03-12 01:18:19.2091 ERROR    - ResultRepo - Duplicate Result: 2002->4714->7110 
2020-03-12 01:18:19.2091 ERROR    - ResultRepo - Duplicate Result: 2002->4714->7110 
2020-03-12 01:18:19.2801 ERROR    - ResultRepo - Duplicate Result: 2002->4715->7110 
2020-03-12 01:18:19.2801 ERROR    - ResultRepo - Duplicate Result: 2002->4715->7110 
2020-03-12 01:18:19.3381 ERROR    - ResultRepo - Duplicate Result: 2002->4721->7111 
2020-03-12 01:18:19.3381 ERROR    - ResultRepo - Duplicate Result: 2002->4721->7111 
2020-03-12 01:18:19.4210 ERROR    - ResultRepo - Duplicate Result: 2002->4722->7111 
2020-03-12 01:18:19.4210 ERROR    - ResultRepo - Duplicate Result: 2002->4722->7111 
2020-03-12 01:18:19.4880 ERROR    - ResultRepo - Duplicate Result: 2002->4707->7112 
2020-03-12 01:18:19.4880 ERROR    - ResultRepo - Duplicate Result: 2002->4707->7112 
2020-03-12 01:18:19.5569 ERROR    - ResultRepo - Duplicate Result: 2002->4708->7112 
2020-03-12 01:18:19.5569 ERROR    - ResultRepo - Duplicate Result: 2002->4708->7112 
2020-03-12 01:18:19.6279 ERROR    - ResultRepo - Duplicate Result: 2002->4716->7113 
2020-03-12 01:18:19.6279 ERROR    - ResultRepo - Duplicate Result: 2002->4716->7113 
2020-03-12 01:18:19.6858 ERROR    - ResultRepo - Duplicate Result: 2002->4717->7113 
2020-03-12 01:18:19.6858 ERROR    - ResultRepo - Duplicate Result: 2002->4717->7113 
2020-03-12 01:18:19.7478 ERROR    - ResultRepo - Duplicate Result: 2002->4726->7114 
2020-03-12 01:18:19.7478 ERROR    - ResultRepo - Duplicate Result: 2002->4726->7114 
2020-03-12 01:18:19.8218 ERROR    - ResultRepo - Duplicate Result: 2002->4725->7114 
2020-03-12 01:18:19.8218 ERROR    - ResultRepo - Duplicate Result: 2002->4725->7114 
2020-03-12 01:18:19.8987 ERROR    - ResultRepo - Duplicate Result: 2002->4718->7115 
2020-03-12 01:18:19.8987 ERROR    - ResultRepo - Duplicate Result: 2002->4718->7115 
2020-03-12 01:18:19.9677 ERROR    - ResultRepo - Duplicate Result: 2002->4711->7115 
2020-03-12 01:18:19.9677 ERROR    - ResultRepo - Duplicate Result: 2002->4711->7115 
2020-03-12 01:18:20.0576 ERROR    - ResultRepo - Duplicate Result: 2002->4709->7116 
2020-03-12 01:18:20.0576 ERROR    - ResultRepo - Duplicate Result: 2002->4709->7116 
2020-03-12 01:18:20.1356 ERROR    - ResultRepo - Duplicate Result: 2002->4710->7116 
2020-03-12 01:18:20.1356 ERROR    - ResultRepo - Duplicate Result: 2002->4710->7116 
2020-03-12 01:18:20.2025 ERROR    - ResultRepo - Duplicate Result: 2002->4727->7117 
2020-03-12 01:18:20.2025 ERROR    - ResultRepo - Duplicate Result: 2002->4727->7117 
2020-03-12 01:18:20.2905 ERROR    - ResultRepo - Duplicate Result: 2002->4728->7117 
2020-03-12 01:18:20.2905 ERROR    - ResultRepo - Duplicate Result: 2002->4728->7117 
2020-03-12 01:18:20.3574 ERROR    - ResultRepo - Duplicate Result: 2002->4725->7118 
2020-03-12 01:18:20.3574 ERROR    - ResultRepo - Duplicate Result: 2002->4725->7118 
2020-03-12 01:18:20.4254 ERROR    - ResultRepo - Duplicate Result: 2002->4714->7119 
2020-03-12 01:18:20.4254 ERROR    - ResultRepo - Duplicate Result: 2002->4714->7119 
2020-03-12 01:18:20.5183 ERROR    - ResultRepo - Duplicate Result: 2002->4715->7119 
2020-03-12 01:18:20.5183 ERROR    - ResultRepo - Duplicate Result: 2002->4715->7119 
2020-03-12 01:18:20.5883 ERROR    - ResultRepo - Duplicate Result: 2002->4714->6031 
2020-03-12 01:18:20.5883 ERROR    - ResultRepo - Duplicate Result: 2002->4714->6031 
2020-03-12 01:18:20.6582 ERROR    - ResultRepo - Duplicate Result: 2002->4715->6031 
2020-03-12 01:18:20.6582 ERROR    - ResultRepo - Duplicate Result: 2002->4715->6031 
2020-03-12 01:18:20.7452 ERROR    - ResultRepo - Duplicate Result: 2002->4714->6032 
2020-03-12 01:18:20.7452 ERROR    - ResultRepo - Duplicate Result: 2002->4714->6032 
2020-03-12 01:18:20.8191 ERROR    - ResultRepo - Duplicate Result: 2002->4715->6032 
2020-03-12 01:18:20.8191 ERROR    - ResultRepo - Duplicate Result: 2002->4715->6032 
2020-03-12 01:18:20.8921 ERROR    - ResultRepo - Duplicate Result: 2002->4714->7120 
2020-03-12 01:18:20.8921 ERROR    - ResultRepo - Duplicate Result: 2002->4714->7120 
2020-03-12 01:18:20.9731 ERROR    - ResultRepo - Duplicate Result: 2002->4715->7120 
2020-03-12 01:18:20.9731 ERROR    - ResultRepo - Duplicate Result: 2002->4715->7120 
2020-03-12 01:18:21.0440 ERROR    - ResultRepo - Duplicate Result: 2002->4714->7121 
2020-03-12 01:18:21.0440 ERROR    - ResultRepo - Duplicate Result: 2002->4714->7121 
2020-03-12 01:18:21.1180 ERROR    - ResultRepo - Duplicate Result: 2002->4715->7121 
2020-03-12 01:18:21.1180 ERROR    - ResultRepo - Duplicate Result: 2002->4715->7121 
2020-03-12 01:18:21.2109 ERROR    - ResultRepo - Duplicate Result: 2002->4714->7122 
2020-03-12 01:18:21.2109 ERROR    - ResultRepo - Duplicate Result: 2002->4714->7122 
2020-03-12 01:18:21.2869 ERROR    - ResultRepo - Duplicate Result: 2002->4715->7122 
2020-03-12 01:18:21.2869 ERROR    - ResultRepo - Duplicate Result: 2002->4715->7122 
2020-03-12 01:18:21.3578 ERROR    - ResultRepo - Duplicate Result: 2002->4714->7123 
2020-03-12 01:18:21.3578 ERROR    - ResultRepo - Duplicate Result: 2002->4714->7123 
2020-03-12 01:18:21.4268 ERROR    - ResultRepo - Duplicate Result: 2002->4715->7123 
2020-03-12 01:18:21.4268 ERROR    - ResultRepo - Duplicate Result: 2002->4715->7123 
2020-03-12 01:18:21.4887 ERROR    - ResultRepo - Duplicate Result: 2002->4729->7124 
2020-03-12 01:18:21.4887 ERROR    - ResultRepo - Duplicate Result: 2002->4729->7124 
2020-03-12 01:18:21.5637 ERROR    - ResultRepo - Duplicate Result: 2002->4729->7060 
2020-03-12 01:18:21.5637 ERROR    - ResultRepo - Duplicate Result: 2002->4729->7060 
2020-03-12 01:18:21.6286 ERROR    - ResultRepo - Duplicate Result: 2002->4729->7125 
2020-03-12 01:18:21.6286 ERROR    - ResultRepo - Duplicate Result: 2002->4729->7125 
2020-03-12 01:18:21.6916 ERROR    - ResultRepo - Duplicate Result: 2002->4729->7061 
2020-03-12 01:18:21.6916 ERROR    - ResultRepo - Duplicate Result: 2002->4729->7061 
2020-03-12 01:18:21.7596 ERROR    - ResultRepo - Duplicate Result: 2002->4730->7064 
2020-03-12 01:18:21.7596 ERROR    - ResultRepo - Duplicate Result: 2002->4730->7064 
2020-03-12 01:18:21.8385 ERROR    - ResultRepo - Duplicate Result: 2002->4731->7065 
2020-03-12 01:18:21.8385 ERROR    - ResultRepo - Duplicate Result: 2002->4731->7065 
2020-03-12 01:18:21.8925 ERROR    - ResultRepo - Duplicate Result: 2002->4731->7067 
2020-03-12 01:18:21.8925 ERROR    - ResultRepo - Duplicate Result: 2002->4731->7067 
2020-03-12 01:18:21.9824 ERROR    - ResultRepo - Duplicate Result: 2002->4730->7126 
2020-03-12 01:18:21.9824 ERROR    - ResultRepo - Duplicate Result: 2002->4730->7126 
2020-03-12 01:18:22.0924 ERROR    - ResultRepo - Duplicate Result: 2002->4732->7127 
2020-03-12 01:18:22.0924 ERROR    - ResultRepo - Duplicate Result: 2002->4732->7127 
2020-03-12 01:18:22.1933 ERROR    - ResultRepo - Duplicate Result: 2002->4731->5905 
2020-03-12 01:18:22.1933 ERROR    - ResultRepo - Duplicate Result: 2002->4731->5905 
2020-03-12 01:18:22.2762 ERROR    - ResultRepo - Duplicate Result: 2002->4731->5906 
2020-03-12 01:18:22.2762 ERROR    - ResultRepo - Duplicate Result: 2002->4731->5906 
2020-03-12 01:18:22.3492 ERROR    - ResultRepo - Duplicate Result: 2002->4731->7070 
2020-03-12 01:18:22.3492 ERROR    - ResultRepo - Duplicate Result: 2002->4731->7070 
2020-03-12 01:18:22.4711 ERROR    - ResultRepo - Duplicate Result: 2002->4731->5979 
2020-03-12 01:18:22.4711 ERROR    - ResultRepo - Duplicate Result: 2002->4731->5979 
2020-03-12 01:18:22.5321 ERROR    - ResultRepo - Duplicate Result: 2002->4731->7071 
2020-03-12 01:18:22.5321 ERROR    - ResultRepo - Duplicate Result: 2002->4731->7071 
2020-03-12 01:18:22.5901 ERROR    - ResultRepo - Duplicate Result: 2002->4733->7128 
2020-03-12 01:18:22.5901 ERROR    - ResultRepo - Duplicate Result: 2002->4733->7128 
2020-03-12 01:18:22.6520 ERROR    - ResultRepo - Duplicate Result: 2002->4734->7129 
2020-03-12 01:18:22.6520 ERROR    - ResultRepo - Duplicate Result: 2002->4734->7129 
2020-03-12 01:18:22.7180 ERROR    - ResultRepo - Duplicate Result: 2002->4734->7130 
2020-03-12 01:18:22.7180 ERROR    - ResultRepo - Duplicate Result: 2002->4734->7130 
2020-03-12 01:18:22.7859 ERROR    - ResultRepo - Duplicate Result: 2002->4731->5969 
2020-03-12 01:18:22.7859 ERROR    - ResultRepo - Duplicate Result: 2002->4731->5969 
2020-03-12 01:18:22.8699 ERROR    - ResultRepo - Duplicate Result: 2002->4731->7076 
2020-03-12 01:18:22.8699 ERROR    - ResultRepo - Duplicate Result: 2002->4731->7076 
2020-03-12 01:18:22.9338 ERROR    - ResultRepo - Duplicate Result: 2002->4731->7078 
2020-03-12 01:18:22.9338 ERROR    - ResultRepo - Duplicate Result: 2002->4731->7078 
2020-03-12 01:18:22.9858 ERROR    - ResultRepo - Duplicate Result: 2002->4731->7086 
2020-03-12 01:18:22.9858 ERROR    - ResultRepo - Duplicate Result: 2002->4731->7086 
2020-03-12 01:18:23.0618 ERROR    - ResultRepo - Duplicate Result: 2002->4731->7079 
2020-03-12 01:18:23.0618 ERROR    - ResultRepo - Duplicate Result: 2002->4731->7079 
2020-03-12 01:18:23.1187 ERROR    - ResultRepo - Duplicate Result: 2002->4731->7082 
2020-03-12 01:18:23.1187 ERROR    - ResultRepo - Duplicate Result: 2002->4731->7082 
2020-03-12 01:18:23.1747 ERROR    - ResultRepo - Duplicate Result: 2002->4734->7083 
2020-03-12 01:18:23.1747 ERROR    - ResultRepo - Duplicate Result: 2002->4734->7083 
2020-03-12 01:18:23.2357 ERROR    - ResultRepo - Duplicate Result: 2002->4729->7131 
2020-03-12 01:18:23.2357 ERROR    - ResultRepo - Duplicate Result: 2002->4729->7131 
2020-03-12 01:18:23.3016 ERROR    - ResultRepo - Duplicate Result: 2002->4729->7088 
2020-03-12 01:18:23.3016 ERROR    - ResultRepo - Duplicate Result: 2002->4729->7088 
2020-03-12 01:18:23.3706 ERROR    - ResultRepo - Duplicate Result: 2002->4729->7132 
2020-03-12 01:18:23.3706 ERROR    - ResultRepo - Duplicate Result: 2002->4729->7132 
2020-03-12 01:18:23.4515 ERROR    - ResultRepo - Duplicate Result: 2002->4735->7090 
2020-03-12 01:18:23.4515 ERROR    - ResultRepo - Duplicate Result: 2002->4735->7090 
2020-03-12 01:18:23.5495 ERROR    - ResultRepo - Duplicate Result: 2002->4736->7092 
2020-03-12 01:18:23.5495 ERROR    - ResultRepo - Duplicate Result: 2002->4736->7092 
2020-03-12 01:18:23.6274 ERROR    - ResultRepo - Duplicate Result: 2002->4731->7093 
2020-03-12 01:18:23.6274 ERROR    - ResultRepo - Duplicate Result: 2002->4731->7093 
2020-03-12 01:18:23.6934 ERROR    - ResultRepo - Duplicate Result: 2002->4737->7094 
2020-03-12 01:18:23.6934 ERROR    - ResultRepo - Duplicate Result: 2002->4737->7094 
2020-03-12 01:18:23.7983 ERROR    - ResultRepo - Duplicate Result: 2002->4735->7095 
2020-03-12 01:18:23.7983 ERROR    - ResultRepo - Duplicate Result: 2002->4735->7095 
2020-03-12 01:18:23.8703 ERROR    - ResultRepo - Duplicate Result: 2002->4731->6101 
2020-03-12 01:18:23.8703 ERROR    - ResultRepo - Duplicate Result: 2002->4731->6101 
2020-03-12 01:18:23.9432 ERROR    - ResultRepo - Duplicate Result: 2002->4731->7096 
2020-03-12 01:18:23.9432 ERROR    - ResultRepo - Duplicate Result: 2002->4731->7096 
2020-03-12 01:18:24.0492 ERROR    - ResultRepo - Duplicate Result: 2002->4737->7098 
2020-03-12 01:18:24.0492 ERROR    - ResultRepo - Duplicate Result: 2002->4737->7098 
2020-03-12 01:18:24.1801 ERROR    - ResultRepo - Duplicate Result: 2002->4738->6771 
2020-03-12 01:18:24.1801 ERROR    - ResultRepo - Duplicate Result: 2002->4738->6771 
2020-03-12 01:18:24.2590 ERROR    - ResultRepo - Duplicate Result: 2002->4730->7099 
2020-03-12 01:18:24.2590 ERROR    - ResultRepo - Duplicate Result: 2002->4730->7099 
2020-03-12 01:18:24.3340 ERROR    - ResultRepo - Duplicate Result: 2002->4729->7102 
2020-03-12 01:18:24.3340 ERROR    - ResultRepo - Duplicate Result: 2002->4729->7102 
2020-03-12 01:18:24.4429 ERROR    - ResultRepo - Duplicate Result: 2002->4730->7107 
2020-03-12 01:18:24.4429 ERROR    - ResultRepo - Duplicate Result: 2002->4730->7107 
2020-03-12 01:18:24.5219 ERROR    - ResultRepo - Duplicate Result: 2002->4731->6074 
2020-03-12 01:18:24.5219 ERROR    - ResultRepo - Duplicate Result: 2002->4731->6074 
2020-03-12 01:18:24.6008 ERROR    - ResultRepo - Duplicate Result: 2002->4731->6075 
2020-03-12 01:18:24.6008 ERROR    - ResultRepo - Duplicate Result: 2002->4731->6075 
2020-03-12 01:18:24.7437 ERROR    - ResultRepo - Duplicate Result: 2002->4731->6043 
2020-03-12 01:18:24.7437 ERROR    - ResultRepo - Duplicate Result: 2002->4731->6043 
2020-03-12 01:18:24.8237 ERROR    - ResultRepo - Duplicate Result: 2002->4730->7133 
2020-03-12 01:18:24.8237 ERROR    - ResultRepo - Duplicate Result: 2002->4730->7133 
2020-03-12 01:18:24.9096 ERROR    - ResultRepo - Duplicate Result: 2002->4731->7110 
2020-03-12 01:18:24.9096 ERROR    - ResultRepo - Duplicate Result: 2002->4731->7110 
2020-03-12 01:18:25.1695 ERROR    - ResultRepo - Duplicate Result: 2002->4739->7115 
2020-03-12 01:18:25.1695 ERROR    - ResultRepo - Duplicate Result: 2002->4739->7115 
2020-03-12 01:18:25.5333 ERROR    - ResultRepo - Duplicate Result: 2002->4733->7116 
2020-03-12 01:18:25.5333 ERROR    - ResultRepo - Duplicate Result: 2002->4733->7116 
2020-03-12 01:18:25.6342 ERROR    - ResultRepo - Duplicate Result: 2002->4740->7117 
2020-03-12 01:18:25.6342 ERROR    - ResultRepo - Duplicate Result: 2002->4740->7117 
2020-03-12 01:18:25.7691 ERROR    - ResultRepo - Duplicate Result: 2002->4731->6031 
2020-03-12 01:18:25.7691 ERROR    - ResultRepo - Duplicate Result: 2002->4731->6031 
2020-03-12 01:18:26.1868 ERROR    - ResultRepo - Duplicate Result: 2002->4731->6032 
2020-03-12 01:18:26.1868 ERROR    - ResultRepo - Duplicate Result: 2002->4731->6032 
2020-03-12 01:18:26.5456 ERROR    - ResultRepo - Duplicate Result: 2002->4731->7120 
2020-03-12 01:18:26.5456 ERROR    - ResultRepo - Duplicate Result: 2002->4731->7120 
2020-03-12 01:18:26.6506 ERROR    - ResultRepo - Duplicate Result: 2002->4731->6166 
2020-03-12 01:18:26.6506 ERROR    - ResultRepo - Duplicate Result: 2002->4731->6166 
2020-03-12 01:18:26.7535 ERROR    - ResultRepo - Duplicate Result: 2002->4731->7134 
2020-03-12 01:18:26.7535 ERROR    - ResultRepo - Duplicate Result: 2002->4731->7134 
2020-03-12 01:18:26.8374 ERROR    - ResultRepo - Duplicate Result: 2002->4731->7122 
2020-03-12 01:18:26.8374 ERROR    - ResultRepo - Duplicate Result: 2002->4731->7122 
2020-03-12 01:18:26.9384 ERROR    - ResultRepo - Duplicate Result: 2002->4731->7135 
2020-03-12 01:18:26.9384 ERROR    - ResultRepo - Duplicate Result: 2002->4731->7135 
2020-03-12 01:18:27.0483 ERROR    - ResultRepo - Duplicate Result: 2002->4731->7136 
2020-03-12 01:18:27.0483 ERROR    - ResultRepo - Duplicate Result: 2002->4731->7136 
2020-03-12 01:18:27.1532 ERROR    - ResultRepo - Duplicate Result: 2002->4731->6222 
2020-03-12 01:18:27.1532 ERROR    - ResultRepo - Duplicate Result: 2002->4731->6222 
2020-03-12 01:18:27.2242 ERROR    - ResultRepo - Duplicate Result: 2002->4731->7137 
2020-03-12 01:18:27.2242 ERROR    - ResultRepo - Duplicate Result: 2002->4731->7137 
2020-03-12 01:18:27.2952 ERROR    - ResultRepo - Duplicate Result: 2002->4731->7138 
2020-03-12 01:18:27.2952 ERROR    - ResultRepo - Duplicate Result: 2002->4731->7138 
2020-03-12 01:18:27.3761 ERROR    - ResultRepo - Duplicate Result: 2002->4731->7123 
2020-03-12 01:18:27.3761 ERROR    - ResultRepo - Duplicate Result: 2002->4731->7123 
2020-03-12 01:18:27.4391 ERROR    - ResultRepo - Duplicate Result: 2002->4741->6166 
2020-03-12 01:18:27.4391 ERROR    - ResultRepo - Duplicate Result: 2002->4741->6166 
2020-03-12 01:18:27.5010 ERROR    - ResultRepo - Duplicate Result: 2002->4741->7139 
2020-03-12 01:18:27.5010 ERROR    - ResultRepo - Duplicate Result: 2002->4741->7139 
2020-03-12 01:18:27.5750 ERROR    - ResultRepo - Duplicate Result: 2002->4742->7124 
2020-03-12 01:18:27.5750 ERROR    - ResultRepo - Duplicate Result: 2002->4742->7124 
2020-03-12 01:18:27.6310 ERROR    - ResultRepo - Duplicate Result: 2002->4742->7125 
2020-03-12 01:18:27.6310 ERROR    - ResultRepo - Duplicate Result: 2002->4742->7125 
2020-03-12 01:18:27.7069 ERROR    - ResultRepo - Duplicate Result: 2002->4743->7140 
2020-03-12 01:18:27.7069 ERROR    - ResultRepo - Duplicate Result: 2002->4743->7140 
2020-03-12 01:18:27.7879 ERROR    - ResultRepo - Duplicate Result: 2002->4744->7126 
2020-03-12 01:18:27.7879 ERROR    - ResultRepo - Duplicate Result: 2002->4744->7126 
2020-03-12 01:18:27.8488 ERROR    - ResultRepo - Duplicate Result: 2002->4745->7127 
2020-03-12 01:18:27.8488 ERROR    - ResultRepo - Duplicate Result: 2002->4745->7127 
2020-03-12 01:18:27.9378 ERROR    - ResultRepo - Duplicate Result: 2002->4746->7141 
2020-03-12 01:18:27.9378 ERROR    - ResultRepo - Duplicate Result: 2002->4746->7141 
2020-03-12 01:18:28.1966 ERROR    - ResultRepo - Duplicate Result: 2002->4744->7142 
2020-03-12 01:18:28.1966 ERROR    - ResultRepo - Duplicate Result: 2002->4744->7142 
2020-03-12 01:18:28.4045 ERROR    - ResultRepo - Duplicate Result: 2002->4746->7143 
2020-03-12 01:18:28.4045 ERROR    - ResultRepo - Duplicate Result: 2002->4746->7143 
2020-03-12 01:18:28.5014 ERROR    - ResultRepo - Duplicate Result: 2002->4746->7128 
2020-03-12 01:18:28.5014 ERROR    - ResultRepo - Duplicate Result: 2002->4746->7128 
2020-03-12 01:18:28.6233 ERROR    - ResultRepo - Duplicate Result: 2002->4741->7077 
2020-03-12 01:18:28.6233 ERROR    - ResultRepo - Duplicate Result: 2002->4741->7077 
2020-03-12 01:18:28.7343 ERROR    - ResultRepo - Duplicate Result: 2002->4743->7144 
2020-03-12 01:18:28.7343 ERROR    - ResultRepo - Duplicate Result: 2002->4743->7144 
2020-03-12 01:18:28.7972 ERROR    - ResultRepo - Duplicate Result: 2002->4747->7145 
2020-03-12 01:18:28.7972 ERROR    - ResultRepo - Duplicate Result: 2002->4747->7145 
2020-03-12 01:18:28.8902 ERROR    - ResultRepo - Duplicate Result: 2002->4742->7146 
2020-03-12 01:18:28.8902 ERROR    - ResultRepo - Duplicate Result: 2002->4742->7146 
2020-03-12 01:18:28.9591 ERROR    - ResultRepo - Duplicate Result: 2002->4742->7132 
2020-03-12 01:18:28.9591 ERROR    - ResultRepo - Duplicate Result: 2002->4742->7132 
2020-03-12 01:18:29.0261 ERROR    - ResultRepo - Duplicate Result: 2002->4748->7147 
2020-03-12 01:18:29.0261 ERROR    - ResultRepo - Duplicate Result: 2002->4748->7147 
2020-03-12 01:18:29.1070 ERROR    - ResultRepo - Duplicate Result: 2002->4741->7104 
2020-03-12 01:18:29.1070 ERROR    - ResultRepo - Duplicate Result: 2002->4741->7104 
2020-03-12 01:18:29.1590 ERROR    - ResultRepo - Duplicate Result: 2002->4741->6029 
2020-03-12 01:18:29.1590 ERROR    - ResultRepo - Duplicate Result: 2002->4741->6029 
2020-03-12 01:18:29.2140 ERROR    - ResultRepo - Duplicate Result: 2002->4744->7133 
2020-03-12 01:18:29.2140 ERROR    - ResultRepo - Duplicate Result: 2002->4744->7133 
2020-03-12 01:18:29.2669 ERROR    - ResultRepo - Duplicate Result: 2002->4745->7148 
2020-03-12 01:18:29.2669 ERROR    - ResultRepo - Duplicate Result: 2002->4745->7148 
2020-03-12 01:18:29.3319 ERROR    - ResultRepo - Duplicate Result: 2002->4744->7149 
2020-03-12 01:18:29.3319 ERROR    - ResultRepo - Duplicate Result: 2002->4744->7149 
2020-03-12 01:18:29.3859 ERROR    - ResultRepo - Duplicate Result: 2002->4747->7150 
2020-03-12 01:18:29.3859 ERROR    - ResultRepo - Duplicate Result: 2002->4747->7150 
2020-03-12 01:18:29.4378 ERROR    - ResultRepo - Duplicate Result: 2002->4741->7151 
2020-03-12 01:18:29.4378 ERROR    - ResultRepo - Duplicate Result: 2002->4741->7151 
2020-03-12 01:18:29.4978 ERROR    - ResultRepo - Duplicate Result: 2002->4741->7135 
2020-03-12 01:18:29.4978 ERROR    - ResultRepo - Duplicate Result: 2002->4741->7135 
2020-03-12 01:18:29.5598 ERROR    - ResultRepo - Duplicate Result: 2002->4741->7136 
2020-03-12 01:18:29.5598 ERROR    - ResultRepo - Duplicate Result: 2002->4741->7136 
2020-03-12 01:18:29.6327 ERROR    - ResultRepo - Duplicate Result: 2002->4741->6222 
2020-03-12 01:18:29.6327 ERROR    - ResultRepo - Duplicate Result: 2002->4741->6222 
2020-03-12 01:18:29.6857 ERROR    - ResultRepo - Duplicate Result: 2002->4742->7152 
2020-03-12 01:18:29.6857 ERROR    - ResultRepo - Duplicate Result: 2002->4742->7152 
2020-03-12 01:18:29.7566 ERROR    - ResultRepo - Duplicate Result: 2002->4749->7153 
2020-03-12 01:18:29.7566 ERROR    - ResultRepo - Duplicate Result: 2002->4749->7153 
2020-03-12 01:18:29.8166 ERROR    - ResultRepo - Duplicate Result: 2002->4750->7139 
2020-03-12 01:18:29.8166 ERROR    - ResultRepo - Duplicate Result: 2002->4750->7139 
2020-03-12 01:18:29.8706 ERROR    - ResultRepo - Duplicate Result: 2002->4751->7154 
2020-03-12 01:18:29.8706 ERROR    - ResultRepo - Duplicate Result: 2002->4751->7154 
2020-03-12 01:18:29.9275 ERROR    - ResultRepo - Duplicate Result: 2002->4752->7155 
2020-03-12 01:18:29.9275 ERROR    - ResultRepo - Duplicate Result: 2002->4752->7155 
2020-03-12 01:18:29.9875 ERROR    - ResultRepo - Duplicate Result: 2002->4753->7156 
2020-03-12 01:18:29.9875 ERROR    - ResultRepo - Duplicate Result: 2002->4753->7156 
2020-03-12 01:18:30.0465 ERROR    - ResultRepo - Duplicate Result: 2002->4750->7157 
2020-03-12 01:18:30.0465 ERROR    - ResultRepo - Duplicate Result: 2002->4750->7157 
2020-03-12 01:18:30.1134 ERROR    - ResultRepo - Duplicate Result: 2002->4754->7158 
2020-03-12 01:18:30.1134 ERROR    - ResultRepo - Duplicate Result: 2002->4754->7158 
2020-03-12 01:18:30.2254 ERROR    - ResultRepo - Duplicate Result: 2002->4755->7159 
2020-03-12 01:18:30.2254 ERROR    - ResultRepo - Duplicate Result: 2002->4755->7159 
2020-03-12 01:18:30.2833 ERROR    - ResultRepo - Duplicate Result: 2002->4750->7160 
2020-03-12 01:18:30.2833 ERROR    - ResultRepo - Duplicate Result: 2002->4750->7160 
2020-03-12 01:18:30.3383 ERROR    - ResultRepo - Duplicate Result: 2002->4753->7144 
2020-03-12 01:18:30.3383 ERROR    - ResultRepo - Duplicate Result: 2002->4753->7144 
2020-03-12 01:18:30.3943 ERROR    - ResultRepo - Duplicate Result: 2002->4752->7161 
2020-03-12 01:18:30.3943 ERROR    - ResultRepo - Duplicate Result: 2002->4752->7161 
2020-03-12 01:18:30.4652 ERROR    - ResultRepo - Duplicate Result: 2002->4756->7145 
2020-03-12 01:18:30.4652 ERROR    - ResultRepo - Duplicate Result: 2002->4756->7145 
2020-03-12 01:18:30.5202 ERROR    - ResultRepo - Duplicate Result: 2002->4755->7162 
2020-03-12 01:18:30.5202 ERROR    - ResultRepo - Duplicate Result: 2002->4755->7162 
2020-03-12 01:18:30.5801 ERROR    - ResultRepo - Duplicate Result: 2002->4749->7163 
2020-03-12 01:18:30.5801 ERROR    - ResultRepo - Duplicate Result: 2002->4749->7163 
2020-03-12 01:18:30.6501 ERROR    - ResultRepo - Duplicate Result: 2002->4752->7164 
2020-03-12 01:18:30.6501 ERROR    - ResultRepo - Duplicate Result: 2002->4752->7164 
2020-03-12 01:18:30.7121 ERROR    - ResultRepo - Duplicate Result: 2002->4757->7165 
2020-03-12 01:18:30.7121 ERROR    - ResultRepo - Duplicate Result: 2002->4757->7165 
2020-03-12 01:18:30.7800 ERROR    - ResultRepo - Duplicate Result: 2002->4750->7166 
2020-03-12 01:18:30.7800 ERROR    - ResultRepo - Duplicate Result: 2002->4750->7166 
2020-03-12 01:18:30.8380 ERROR    - ResultRepo - Duplicate Result: 2002->4754->6772 
2020-03-12 01:18:30.8380 ERROR    - ResultRepo - Duplicate Result: 2002->4754->6772 
2020-03-12 01:18:30.9029 ERROR    - ResultRepo - Duplicate Result: 2002->4755->7167 
2020-03-12 01:18:30.9029 ERROR    - ResultRepo - Duplicate Result: 2002->4755->7167 
2020-03-12 01:18:30.9549 ERROR    - ResultRepo - Duplicate Result: 2002->4758->7168 
2020-03-12 01:18:30.9549 ERROR    - ResultRepo - Duplicate Result: 2002->4758->7168 
2020-03-12 01:18:31.0149 ERROR    - ResultRepo - Duplicate Result: 2002->4755->7169 
2020-03-12 01:18:31.0149 ERROR    - ResultRepo - Duplicate Result: 2002->4755->7169 
2020-03-12 01:18:31.0888 ERROR    - ResultRepo - Duplicate Result: 2002->4754->7148 
2020-03-12 01:18:31.0888 ERROR    - ResultRepo - Duplicate Result: 2002->4754->7148 
2020-03-12 01:18:31.1508 ERROR    - ResultRepo - Duplicate Result: 2002->4756->7150 
2020-03-12 01:18:31.1508 ERROR    - ResultRepo - Duplicate Result: 2002->4756->7150 
2020-03-12 01:18:31.2118 ERROR    - ResultRepo - Duplicate Result: 2002->4754->7170 
2020-03-12 01:18:31.2118 ERROR    - ResultRepo - Duplicate Result: 2002->4754->7170 
2020-03-12 01:18:31.2647 ERROR    - ResultRepo - Duplicate Result: 2002->4755->7152 
2020-03-12 01:18:31.2647 ERROR    - ResultRepo - Duplicate Result: 2002->4755->7152 
2020-03-12 01:18:31.3467 ERROR    - ResultRepo - Duplicate Result: 2002->4759->7171 
2020-03-12 01:18:31.3467 ERROR    - ResultRepo - Duplicate Result: 2002->4759->7171 
2020-03-12 01:18:31.3986 ERROR    - ResultRepo - Duplicate Result: 2002->4760->7155 
2020-03-12 01:18:31.3986 ERROR    - ResultRepo - Duplicate Result: 2002->4760->7155 
2020-03-12 01:18:31.4516 ERROR    - ResultRepo - Duplicate Result: 2002->4761->7156 
2020-03-12 01:18:31.4516 ERROR    - ResultRepo - Duplicate Result: 2002->4761->7156 
2020-03-12 01:18:31.5276 ERROR    - ResultRepo - Duplicate Result: 2002->4759->7159 
2020-03-12 01:18:31.5276 ERROR    - ResultRepo - Duplicate Result: 2002->4759->7159 
2020-03-12 01:18:31.5895 ERROR    - ResultRepo - Duplicate Result: 2002->4762->6415 
2020-03-12 01:18:31.5895 ERROR    - ResultRepo - Duplicate Result: 2002->4762->6415 
2020-03-12 01:18:31.6435 ERROR    - ResultRepo - Duplicate Result: 2002->4762->7172 
2020-03-12 01:18:31.6435 ERROR    - ResultRepo - Duplicate Result: 2002->4762->7172 
2020-03-12 01:18:31.7104 ERROR    - ResultRepo - Duplicate Result: 2002->4763->7173 
2020-03-12 01:18:31.7104 ERROR    - ResultRepo - Duplicate Result: 2002->4763->7173 
2020-03-12 01:18:31.7884 ERROR    - ResultRepo - Duplicate Result: 2002->4763->7174 
2020-03-12 01:18:31.7884 ERROR    - ResultRepo - Duplicate Result: 2002->4763->7174 
2020-03-12 01:18:31.8534 ERROR    - ResultRepo - Duplicate Result: 2002->4760->7164 
2020-03-12 01:18:31.8534 ERROR    - ResultRepo - Duplicate Result: 2002->4760->7164 
2020-03-12 01:18:31.9123 ERROR    - ResultRepo - Duplicate Result: 2002->4763->6387 
2020-03-12 01:18:31.9123 ERROR    - ResultRepo - Duplicate Result: 2002->4763->6387 
2020-03-12 01:18:31.9843 ERROR    - ResultRepo - Duplicate Result: 2002->4764->6405 
2020-03-12 01:18:31.9843 ERROR    - ResultRepo - Duplicate Result: 2002->4764->6405 
2020-03-12 01:18:32.0452 ERROR    - ResultRepo - Duplicate Result: 2002->4764->7175 
2020-03-12 01:18:32.0452 ERROR    - ResultRepo - Duplicate Result: 2002->4764->7175 
2020-03-12 01:18:32.0992 ERROR    - ResultRepo - Duplicate Result: 2002->4765->7176 
2020-03-12 01:18:32.0992 ERROR    - ResultRepo - Duplicate Result: 2002->4765->7176 
2020-03-12 01:18:32.1682 ERROR    - ResultRepo - Duplicate Result: 2002->4759->7177 
2020-03-12 01:18:32.1682 ERROR    - ResultRepo - Duplicate Result: 2002->4759->7177 
2020-03-12 01:18:32.2261 ERROR    - ResultRepo - Duplicate Result: 2002->4765->7178 
2020-03-12 01:18:32.2261 ERROR    - ResultRepo - Duplicate Result: 2002->4765->7178 
2020-03-12 01:18:32.2781 ERROR    - ResultRepo - Duplicate Result: 2002->4765->7179 
2020-03-12 01:18:32.2781 ERROR    - ResultRepo - Duplicate Result: 2002->4765->7179 
2020-03-12 01:18:32.3590 ERROR    - ResultRepo - Duplicate Result: 2002->4765->7180 
2020-03-12 01:18:32.3590 ERROR    - ResultRepo - Duplicate Result: 2002->4765->7180 
2020-03-12 01:18:32.4210 ERROR    - ResultRepo - Duplicate Result: 2002->4766->7181 
2020-03-12 01:18:32.4210 ERROR    - ResultRepo - Duplicate Result: 2002->4766->7181 
2020-03-12 01:18:32.4800 ERROR    - ResultRepo - Duplicate Result: 2002->4767->7182 
2020-03-12 01:18:32.4800 ERROR    - ResultRepo - Duplicate Result: 2002->4767->7182 
2020-03-12 01:18:32.5359 ERROR    - ResultRepo - Duplicate Result: 2002->4766->7183 
2020-03-12 01:18:32.5359 ERROR    - ResultRepo - Duplicate Result: 2002->4766->7183 
2020-03-12 01:18:32.6049 ERROR    - ResultRepo - Duplicate Result: 2002->4768->7184 
2020-03-12 01:18:32.6049 ERROR    - ResultRepo - Duplicate Result: 2002->4768->7184 
2020-03-12 01:18:32.6589 ERROR    - ResultRepo - Duplicate Result: 2002->4769->7185 
2020-03-12 01:18:32.6589 ERROR    - ResultRepo - Duplicate Result: 2002->4769->7185 
2020-03-12 01:18:32.7158 ERROR    - ResultRepo - Duplicate Result: 2002->4770->7172 
2020-03-12 01:18:32.7158 ERROR    - ResultRepo - Duplicate Result: 2002->4770->7172 
2020-03-12 01:18:32.7758 ERROR    - ResultRepo - Duplicate Result: 2002->4771->7186 
2020-03-12 01:18:32.7758 ERROR    - ResultRepo - Duplicate Result: 2002->4771->7186 
2020-03-12 01:18:32.8447 ERROR    - ResultRepo - Duplicate Result: 2002->4769->7169 
2020-03-12 01:18:32.8447 ERROR    - ResultRepo - Duplicate Result: 2002->4769->7169 
2020-03-12 01:18:32.8977 ERROR    - ResultRepo - Duplicate Result: 2002->4768->7187 
2020-03-12 01:18:32.8977 ERROR    - ResultRepo - Duplicate Result: 2002->4768->7187 
2020-03-12 01:18:32.9497 ERROR    - ResultRepo - Duplicate Result: 2002->4772->6437 
2020-03-12 01:18:32.9497 ERROR    - ResultRepo - Duplicate Result: 2002->4772->6437 
2020-03-12 01:18:33.0356 ERROR    - ResultRepo - Duplicate Result: 2002->4773->7188 
2020-03-12 01:18:33.0356 ERROR    - ResultRepo - Duplicate Result: 2002->4773->7188 
2020-03-12 01:18:33.0976 ERROR    - ResultRepo - Duplicate Result: 2002->4774->7091 
2020-03-12 01:18:33.0976 ERROR    - ResultRepo - Duplicate Result: 2002->4774->7091 
2020-03-12 01:18:33.1496 ERROR    - ResultRepo - Duplicate Result: 2002->4775->7095 
2020-03-12 01:18:33.1496 ERROR    - ResultRepo - Duplicate Result: 2002->4775->7095 
2020-03-12 01:18:33.2085 ERROR    - ResultRepo - Duplicate Result: 2002->4776->7105 
2020-03-12 01:18:33.2085 ERROR    - ResultRepo - Duplicate Result: 2002->4776->7105 
2020-03-12 01:18:33.2805 ERROR    - ResultRepo - Duplicate Result: 2002->4777->7063 
2020-03-12 01:18:33.2805 ERROR    - ResultRepo - Duplicate Result: 2002->4777->7063 
2020-03-12 01:18:33.3414 ERROR    - ResultRepo - Duplicate Result: 2002->4778->7155 
2020-03-12 01:18:33.3414 ERROR    - ResultRepo - Duplicate Result: 2002->4778->7155 
2020-03-12 01:18:33.4004 ERROR    - ResultRepo - Duplicate Result: 2002->4779->6387 
2020-03-12 01:18:33.4004 ERROR    - ResultRepo - Duplicate Result: 2002->4779->6387 
2020-03-12 01:18:33.4664 ERROR    - ResultRepo - Duplicate Result: 2002->4779->7166 
2020-03-12 01:18:33.4664 ERROR    - ResultRepo - Duplicate Result: 2002->4779->7166 
2020-03-12 01:18:33.5273 ERROR    - ResultRepo - Duplicate Result: 2002->4777->7189 
2020-03-12 01:18:33.5273 ERROR    - ResultRepo - Duplicate Result: 2002->4777->7189 
2020-03-12 01:18:33.6063 ERROR    - ResultRepo - Duplicate Result: 2002->4780->6380 
2020-03-12 01:18:33.6063 ERROR    - ResultRepo - Duplicate Result: 2002->4780->6380 
2020-03-12 01:18:33.6712 ERROR    - ResultRepo - Duplicate Result: 2002->4781->6379 
2020-03-12 01:18:33.6712 ERROR    - ResultRepo - Duplicate Result: 2002->4781->6379 
2020-03-12 01:18:33.7312 ERROR    - ResultRepo - Duplicate Result: 2002->4781->7190 
2020-03-12 01:18:33.7312 ERROR    - ResultRepo - Duplicate Result: 2002->4781->7190 
2020-03-12 01:18:33.7942 ERROR    - ResultRepo - Duplicate Result: 2002->4781->7191 
2020-03-12 01:18:33.7942 ERROR    - ResultRepo - Duplicate Result: 2002->4781->7191 
2020-03-12 01:18:33.8541 ERROR    - ResultRepo - Duplicate Result: 2002->4782->6375 
2020-03-12 01:18:33.8541 ERROR    - ResultRepo - Duplicate Result: 2002->4782->6375 
2020-03-12 01:18:33.9121 ERROR    - ResultRepo - Duplicate Result: 2002->4780->6376 
2020-03-12 01:18:33.9121 ERROR    - ResultRepo - Duplicate Result: 2002->4780->6376 
2020-03-12 01:18:33.9671 ERROR    - ResultRepo - Duplicate Result: 2002->4782->6372 
2020-03-12 01:18:33.9671 ERROR    - ResultRepo - Duplicate Result: 2002->4782->6372 
2020-03-12 01:18:34.0300 ERROR    - ResultRepo - Duplicate Result: 2002->4783->7192 
2020-03-12 01:18:34.0300 ERROR    - ResultRepo - Duplicate Result: 2002->4783->7192 
2020-03-12 01:18:34.0860 ERROR    - ResultRepo - Duplicate Result: 2002->4784->6373 
2020-03-12 01:18:34.0860 ERROR    - ResultRepo - Duplicate Result: 2002->4784->6373 
2020-03-12 01:18:34.1609 ERROR    - ResultRepo - Duplicate Result: 2002->4785->6374 
2020-03-12 01:18:34.1609 ERROR    - ResultRepo - Duplicate Result: 2002->4785->6374 
2020-03-12 01:18:34.2189 ERROR    - ResultRepo - Duplicate Result: 2002->4786->7193 
2020-03-12 01:18:34.2189 ERROR    - ResultRepo - Duplicate Result: 2002->4786->7193 
2020-03-12 01:18:34.2819 ERROR    - ResultRepo - Duplicate Result: 2002->4787->7063 
2020-03-12 01:18:34.2819 ERROR    - ResultRepo - Duplicate Result: 2002->4787->7063 
2020-03-12 01:18:34.3548 ERROR    - ResultRepo - Duplicate Result: 2002->4787->7194 
2020-03-12 01:18:34.3548 ERROR    - ResultRepo - Duplicate Result: 2002->4787->7194 
2020-03-12 01:18:34.4108 ERROR    - ResultRepo - Duplicate Result: 2002->4788->7084 
2020-03-12 01:18:34.4108 ERROR    - ResultRepo - Duplicate Result: 2002->4788->7084 
2020-03-12 01:18:34.4648 ERROR    - ResultRepo - Duplicate Result: 2002->4789->7089 
2020-03-12 01:18:34.4648 ERROR    - ResultRepo - Duplicate Result: 2002->4789->7089 
2020-03-12 01:18:34.5207 ERROR    - ResultRepo - Duplicate Result: 2002->4790->7192 
2020-03-12 01:18:34.5207 ERROR    - ResultRepo - Duplicate Result: 2002->4790->7192 
2020-03-12 01:18:34.5857 ERROR    - ResultRepo - Duplicate Result: 2002->4790->7195 
2020-03-12 01:18:34.5857 ERROR    - ResultRepo - Duplicate Result: 2002->4790->7195 
2020-03-12 01:18:34.6356 ERROR    - ResultRepo - Duplicate Result: 2002->4791->7167 
2020-03-12 01:18:34.6356 ERROR    - ResultRepo - Duplicate Result: 2002->4791->7167 
2020-03-12 01:18:34.7006 ERROR    - ResultRepo - Duplicate Result: 2002->4790->5960 
2020-03-12 01:18:34.7006 ERROR    - ResultRepo - Duplicate Result: 2002->4790->5960 
2020-03-12 01:18:34.7955 ERROR    - ResultRepo - Duplicate Result: 2002->4792->6497 
2020-03-12 01:18:34.7955 ERROR    - ResultRepo - Duplicate Result: 2002->4792->6497 
2020-03-12 01:18:34.8635 ERROR    - ResultRepo - Duplicate Result: 2002->4792->6498 
2020-03-12 01:18:34.8635 ERROR    - ResultRepo - Duplicate Result: 2002->4792->6498 
2020-03-12 01:18:34.9165 ERROR    - ResultRepo - Duplicate Result: 2002->4792->7196 
2020-03-12 01:18:34.9165 ERROR    - ResultRepo - Duplicate Result: 2002->4792->7196 
2020-03-12 01:18:34.9744 ERROR    - ResultRepo - Duplicate Result: 2002->4793->6499 
2020-03-12 01:18:34.9744 ERROR    - ResultRepo - Duplicate Result: 2002->4793->6499 
2020-03-12 01:18:35.0454 ERROR    - ResultRepo - Duplicate Result: 2002->4794->7125 
2020-03-12 01:18:35.0454 ERROR    - ResultRepo - Duplicate Result: 2002->4794->7125 
2020-03-12 01:18:35.1024 ERROR    - ResultRepo - Duplicate Result: 2002->4795->7063 
2020-03-12 01:18:35.1024 ERROR    - ResultRepo - Duplicate Result: 2002->4795->7063 
2020-03-12 01:18:35.1543 ERROR    - ResultRepo - Duplicate Result: 2002->4796->7064 
2020-03-12 01:18:35.1543 ERROR    - ResultRepo - Duplicate Result: 2002->4796->7064 
2020-03-12 01:18:35.2303 ERROR    - ResultRepo - Duplicate Result: 2002->4797->7188 
2020-03-12 01:18:35.2303 ERROR    - ResultRepo - Duplicate Result: 2002->4797->7188 
2020-03-12 01:18:35.2882 ERROR    - ResultRepo - Duplicate Result: 2002->4798->7197 
2020-03-12 01:18:35.2882 ERROR    - ResultRepo - Duplicate Result: 2002->4798->7197 
2020-03-12 01:18:35.3472 ERROR    - ResultRepo - Duplicate Result: 2002->4798->7198 
2020-03-12 01:18:35.3472 ERROR    - ResultRepo - Duplicate Result: 2002->4798->7198 
2020-03-12 01:18:35.4192 ERROR    - ResultRepo - Duplicate Result: 2002->4798->7073 
2020-03-12 01:18:35.4192 ERROR    - ResultRepo - Duplicate Result: 2002->4798->7073 
2020-03-12 01:18:35.4721 ERROR    - ResultRepo - Duplicate Result: 2002->4796->7084 
2020-03-12 01:18:35.4721 ERROR    - ResultRepo - Duplicate Result: 2002->4796->7084 
2020-03-12 01:18:35.5281 ERROR    - ResultRepo - Duplicate Result: 2002->4798->5979 
2020-03-12 01:18:35.5281 ERROR    - ResultRepo - Duplicate Result: 2002->4798->5979 
2020-03-12 01:18:35.5821 ERROR    - ResultRepo - Duplicate Result: 2002->4798->7087 
2020-03-12 01:18:35.5821 ERROR    - ResultRepo - Duplicate Result: 2002->4798->7087 
2020-03-12 01:18:35.6430 ERROR    - ResultRepo - Duplicate Result: 2002->4799->7089 
2020-03-12 01:18:35.6430 ERROR    - ResultRepo - Duplicate Result: 2002->4799->7089 
2020-03-12 01:18:35.7020 ERROR    - ResultRepo - Duplicate Result: 2002->4798->7199 
2020-03-12 01:18:35.7020 ERROR    - ResultRepo - Duplicate Result: 2002->4798->7199 
2020-03-12 01:18:35.7580 ERROR    - ResultRepo - Duplicate Result: 2002->4798->6366 
2020-03-12 01:18:35.7580 ERROR    - ResultRepo - Duplicate Result: 2002->4798->6366 
2020-03-12 01:18:35.8219 ERROR    - ResultRepo - Duplicate Result: 2002->4796->7107 
2020-03-12 01:18:35.8219 ERROR    - ResultRepo - Duplicate Result: 2002->4796->7107 
2020-03-12 01:18:35.9099 ERROR    - ResultRepo - Duplicate Result: 2002->4798->6074 
2020-03-12 01:18:35.9099 ERROR    - ResultRepo - Duplicate Result: 2002->4798->6074 
2020-03-12 01:18:35.9648 ERROR    - ResultRepo - Duplicate Result: 2002->4798->6075 
2020-03-12 01:18:35.9648 ERROR    - ResultRepo - Duplicate Result: 2002->4798->6075 
2020-03-12 01:18:36.0238 ERROR    - ResultRepo - Duplicate Result: 2002->4796->7200 
2020-03-12 01:18:36.0238 ERROR    - ResultRepo - Duplicate Result: 2002->4796->7200 
2020-03-12 01:18:36.0868 ERROR    - ResultRepo - Duplicate Result: 2002->4800->7201 
2020-03-12 01:18:36.0868 ERROR    - ResultRepo - Duplicate Result: 2002->4800->7201 
2020-03-12 01:18:36.1447 ERROR    - ResultRepo - Duplicate Result: 2002->4801->7202 
2020-03-12 01:18:36.1447 ERROR    - ResultRepo - Duplicate Result: 2002->4801->7202 
2020-03-12 01:18:36.1987 ERROR    - ResultRepo - Duplicate Result: 2002->4802->7203 
2020-03-12 01:18:36.1987 ERROR    - ResultRepo - Duplicate Result: 2002->4802->7203 
2020-03-12 01:18:36.2596 ERROR    - ResultRepo - Duplicate Result: 2002->4803->6534 
2020-03-12 01:18:36.2596 ERROR    - ResultRepo - Duplicate Result: 2002->4803->6534 
2020-03-12 01:18:36.3276 ERROR    - ResultRepo - Duplicate Result: 2002->4803->6535 
2020-03-12 01:18:36.3276 ERROR    - ResultRepo - Duplicate Result: 2002->4803->6535 
2020-03-12 01:18:36.3916 ERROR    - ResultRepo - Duplicate Result: 2002->4804->7204 
2020-03-12 01:18:36.3916 ERROR    - ResultRepo - Duplicate Result: 2002->4804->7204 
2020-03-12 01:18:36.4695 ERROR    - ResultRepo - Duplicate Result: 2002->4805->7205 
2020-03-12 01:18:36.4695 ERROR    - ResultRepo - Duplicate Result: 2002->4805->7205 
2020-03-12 01:18:36.5335 ERROR    - ResultRepo - Duplicate Result: 2002->4800->7206 
2020-03-12 01:18:36.5335 ERROR    - ResultRepo - Duplicate Result: 2002->4800->7206 
2020-03-12 01:18:36.5864 ERROR    - ResultRepo - Duplicate Result: 2002->4806->7084 
2020-03-12 01:18:36.5864 ERROR    - ResultRepo - Duplicate Result: 2002->4806->7084 
2020-03-12 01:18:36.6384 ERROR    - ResultRepo - Duplicate Result: 2002->4803->7207 
2020-03-12 01:18:36.6384 ERROR    - ResultRepo - Duplicate Result: 2002->4803->7207 
2020-03-12 01:18:36.6914 ERROR    - ResultRepo - Duplicate Result: 2002->4803->6366 
2020-03-12 01:18:36.6914 ERROR    - ResultRepo - Duplicate Result: 2002->4803->6366 
2020-03-12 01:18:36.7743 ERROR    - ResultRepo - Duplicate Result: 2002->4807->7103 
2020-03-12 01:18:36.7743 ERROR    - ResultRepo - Duplicate Result: 2002->4807->7103 
2020-03-12 01:18:36.8313 ERROR    - ResultRepo - Duplicate Result: 2002->4808->7105 
2020-03-12 01:18:36.8313 ERROR    - ResultRepo - Duplicate Result: 2002->4808->7105 
2020-03-12 01:18:36.8853 ERROR    - ResultRepo - Duplicate Result: 2002->4809->7208 
2020-03-12 01:18:36.8853 ERROR    - ResultRepo - Duplicate Result: 2002->4809->7208 
2020-03-12 01:18:36.9412 ERROR    - ResultRepo - Duplicate Result: 2002->4810->7209 
2020-03-12 01:18:36.9412 ERROR    - ResultRepo - Duplicate Result: 2002->4810->7209 
2020-03-12 01:18:37.0332 ERROR    - ResultRepo - Duplicate Result: 2002->4809->7109 
2020-03-12 01:18:37.0332 ERROR    - ResultRepo - Duplicate Result: 2002->4809->7109 
2020-03-12 01:18:37.0881 ERROR    - ResultRepo - Duplicate Result: 2002->4803->7210 
2020-03-12 01:18:37.0881 ERROR    - ResultRepo - Duplicate Result: 2002->4803->7210 
2020-03-12 01:18:37.1841 ERROR    - ResultRepo - Duplicate Result: 2002->4807->7114 
2020-03-12 01:18:37.1841 ERROR    - ResultRepo - Duplicate Result: 2002->4807->7114 
2020-03-12 01:18:37.2640 ERROR    - ResultRepo - Duplicate Result: 2002->4811->7201 
2020-03-12 01:18:37.2640 ERROR    - ResultRepo - Duplicate Result: 2002->4811->7201 
2020-03-12 01:18:37.3290 ERROR    - ResultRepo - Duplicate Result: 2002->4812->7202 
2020-03-12 01:18:37.3290 ERROR    - ResultRepo - Duplicate Result: 2002->4812->7202 
2020-03-12 01:18:37.4219 ERROR    - ResultRepo - Duplicate Result: 2002->4813->6534 
2020-03-12 01:18:37.4219 ERROR    - ResultRepo - Duplicate Result: 2002->4813->6534 
2020-03-12 01:18:37.4859 ERROR    - ResultRepo - Duplicate Result: 2002->4813->6535 
2020-03-12 01:18:37.4859 ERROR    - ResultRepo - Duplicate Result: 2002->4813->6535 
2020-03-12 01:18:37.5618 ERROR    - ResultRepo - Duplicate Result: 2002->4814->7204 
2020-03-12 01:18:37.5618 ERROR    - ResultRepo - Duplicate Result: 2002->4814->7204 
2020-03-12 01:18:37.6558 ERROR    - ResultRepo - Duplicate Result: 2002->4815->7205 
2020-03-12 01:18:37.6558 ERROR    - ResultRepo - Duplicate Result: 2002->4815->7205 
2020-03-12 01:18:37.7247 ERROR    - ResultRepo - Duplicate Result: 2002->4811->7206 
2020-03-12 01:18:37.7247 ERROR    - ResultRepo - Duplicate Result: 2002->4811->7206 
2020-03-12 01:18:37.7987 ERROR    - ResultRepo - Duplicate Result: 2002->4816->7052 
2020-03-12 01:18:37.7987 ERROR    - ResultRepo - Duplicate Result: 2002->4816->7052 
2020-03-12 01:18:37.8687 ERROR    - ResultRepo - Duplicate Result: 2002->4813->7211 
2020-03-12 01:18:37.8687 ERROR    - ResultRepo - Duplicate Result: 2002->4813->7211 
2020-03-12 01:18:37.9296 ERROR    - ResultRepo - Duplicate Result: 2002->4813->7207 
2020-03-12 01:18:37.9296 ERROR    - ResultRepo - Duplicate Result: 2002->4813->7207 
2020-03-12 01:18:37.9836 ERROR    - ResultRepo - Duplicate Result: 2002->4817->7212 
2020-03-12 01:18:37.9836 ERROR    - ResultRepo - Duplicate Result: 2002->4817->7212 
2020-03-12 01:18:38.0465 ERROR    - ResultRepo - Duplicate Result: 2002->4816->7213 
2020-03-12 01:18:38.0465 ERROR    - ResultRepo - Duplicate Result: 2002->4816->7213 
2020-03-12 01:18:38.1095 ERROR    - ResultRepo - Duplicate Result: 2002->4818->7208 
2020-03-12 01:18:38.1095 ERROR    - ResultRepo - Duplicate Result: 2002->4818->7208 
2020-03-12 01:18:38.1845 ERROR    - ResultRepo - Duplicate Result: 2002->4812->7214 
2020-03-12 01:18:38.1845 ERROR    - ResultRepo - Duplicate Result: 2002->4812->7214 
2020-03-12 01:18:38.2364 ERROR    - ResultRepo - Duplicate Result: 2002->4819->7114 
2020-03-12 01:18:38.2364 ERROR    - ResultRepo - Duplicate Result: 2002->4819->7114 
